Using pre-set license
Built from '2020.3/staging' branch; Version is '2020.3.11f1 (99c7afb366b3) revision 10078127'; Using compiler version '192528614'; Build Type 'Release'
OS: 'Windows 10 Pro; OS build 17134.1304; Version 1803; 64bit' Language: 'ru' Physical Memory: 8156 MB
BatchMode: 1, IsHumanControllingUs: 0, StartBugReporterOnCrash: 0, Is64bit: 1, IsPro: 0

 COMMAND LINE ARGUMENTS:
C:\Program Files\Unity\Hub\Editor\2020.3.11f1\Editor\Unity.exe
-adb2
-batchMode
-noUpm
-name
AssetImportWorker11
-projectPath
D:/unity/2048
-logFile
Logs/AssetImportWorker11.log
-srvPort
64515
Successfully changed project path to: D:/unity/2048
D:/unity/2048
Using Asset Import Pipeline V2.
Refreshing native plugins compatible for Editor in 50.06 ms, found 3 plugins.
Preloading 0 native plugins for Editor in 0.00 ms.
Initialize engine version: 2020.3.11f1 (99c7afb366b3)
[Subsystems] Discovering subsystems at path C:/Program Files/Unity/Hub/Editor/2020.3.11f1/Editor/Data/Resources/UnitySubsystems
[Subsystems] Discovering subsystems at path D:/unity/2048/Assets
GfxDevice: creating device client; threaded=0
Direct3D:
    Version:  Direct3D 11.0 [level 11.1]
    Renderer: NVIDIA GeForce GTX 1050 (ID=0x1c81)
    Vendor:   
    VRAM:     1977 MB
    Driver:   30.0.14.9729
Initialize mono
Mono path[0] = 'C:/Program Files/Unity/Hub/Editor/2020.3.11f1/Editor/Data/Managed'
Mono path[1] = 'C:/Program Files/Unity/Hub/Editor/2020.3.11f1/Editor/Data/MonoBleedingEdge/lib/mono/unityjit'
Mono config path = 'C:/Program Files/Unity/Hub/Editor/2020.3.11f1/Editor/Data/MonoBleedingEdge/etc'
Using monoOptions --debugger-agent=transport=dt_socket,embedding=1,server=y,suspend=n,address=127.0.0.1:56364
Begin MonoManager ReloadAssembly
Registering precompiled unity dll's ...
Register platform support module: C:/Program Files/Unity/Hub/Editor/2020.3.11f1/Editor/Data/PlaybackEngines/WindowsStandaloneSupport/UnityEditor.WindowsStandalone.Extensions.dll
Registered in 0.003584 seconds.
Native extension for WindowsStandalone target not found
Refreshing native plugins compatible for Editor in 50.80 ms, found 3 plugins.
Preloading 0 native plugins for Editor in 0.00 ms.
Mono: successfully reloaded assembly
- Completed reload, in  2.662 seconds
Platform modules already initialized, skipping
Registering precompiled user dll's ...
Registered in 0.015764 seconds.
Begin MonoManager ReloadAssembly
Native extension for WindowsStandalone target not found
Refreshing native plugins compatible for Editor in 49.57 ms, found 3 plugins.
Preloading 0 native plugins for Editor in 0.00 ms.
Mono: successfully reloaded assembly
- Completed reload, in  4.597 seconds
Platform modules already initialized, skipping
========================================================================
Worker process is ready to serve import requests
Launched and connected shader compiler UnityShaderCompiler.exe after 0.33 seconds
Refreshing native plugins compatible for Editor in 0.62 ms, found 3 plugins.
Preloading 0 native plugins for Editor in 0.00 ms.
Unloading 2143 Unused Serialized files (Serialized files now loaded: 0)
System memory in use before: 96.5 MB.
System memory in use after: 96.5 MB.

Unloading 35 unused Assets to reduce memory usage. Loaded Objects now: 2581.
Total: 3.681621 ms (FindLiveObjects: 0.316075 ms CreateObjectMapping: 0.087040 ms MarkObjects: 3.078143 ms  DeleteObjects: 0.198656 ms)

========================================================================
Received Import Request.
  path: Assets/Game/Game.cs
  artifactKey: Guid(70471a744b6a394419027c33433e8d20) Importer(815301076,1909f56bfc062723c751e8b465ee728b)
Start importing Assets/Game/Game.cs using Guid(70471a744b6a394419027c33433e8d20) Importer(815301076,1909f56bfc062723c751e8b465ee728b)  -> (artifact id: '54cdbf667a7f5087bf5a498bc533b855') in 2.395863 seconds
  Import took 2.509944 seconds .

========================================================================
Received Prepare
Registering precompiled user dll's ...
Registered in 0.004801 seconds.
Begin MonoManager ReloadAssembly
Native extension for WindowsStandalone target not found
Refreshing native plugins compatible for Editor in 0.60 ms, found 3 plugins.
Preloading 0 native plugins for Editor in 0.00 ms.
Mono: successfully reloaded assembly
- Completed reload, in  1.220 seconds
Platform modules already initialized, skipping
Refreshing native plugins compatible for Editor in 0.60 ms, found 3 plugins.
Preloading 0 native plugins for Editor in 0.00 ms.
Unloading 2125 Unused Serialized files (Serialized files now loaded: 0)
System memory in use before: 95.2 MB.
System memory in use after: 95.2 MB.

Unloading 23 unused Assets to reduce memory usage. Loaded Objects now: 2585.
Total: 3.306154 ms (FindLiveObjects: 0.281259 ms CreateObjectMapping: 0.098645 ms MarkObjects: 2.792106 ms  DeleteObjects: 0.132096 ms)

========================================================================
Received Prepare
Registering precompiled user dll's ...
Registered in 0.005390 seconds.
Begin MonoManager ReloadAssembly
Native extension for WindowsStandalone target not found
Refreshing native plugins compatible for Editor in 0.67 ms, found 3 plugins.
Preloading 0 native plugins for Editor in 0.00 ms.
Mono: successfully reloaded assembly
- Completed reload, in  1.166 seconds
Platform modules already initialized, skipping
Refreshing native plugins compatible for Editor in 1.02 ms, found 3 plugins.
Preloading 0 native plugins for Editor in 0.00 ms.
Unloading 2125 Unused Serialized files (Serialized files now loaded: 0)
System memory in use before: 95.3 MB.
System memory in use after: 95.2 MB.

Unloading 23 unused Assets to reduce memory usage. Loaded Objects now: 2589.
Total: 3.282261 ms (FindLiveObjects: 0.289792 ms CreateObjectMapping: 0.149845 ms MarkObjects: 2.701994 ms  DeleteObjects: 0.139264 ms)

========================================================================
Received Prepare
Registering precompiled user dll's ...
Registered in 0.004388 seconds.
Begin MonoManager ReloadAssembly
Native extension for WindowsStandalone target not found
Refreshing native plugins compatible for Editor in 0.66 ms, found 3 plugins.
Preloading 0 native plugins for Editor in 0.00 ms.
Mono: successfully reloaded assembly
- Completed reload, in  1.148 seconds
Platform modules already initialized, skipping
Refreshing native plugins compatible for Editor in 0.61 ms, found 3 plugins.
Preloading 0 native plugins for Editor in 0.00 ms.
Unloading 2125 Unused Serialized files (Serialized files now loaded: 0)
System memory in use before: 95.3 MB.
System memory in use after: 95.3 MB.

Unloading 23 unused Assets to reduce memory usage. Loaded Objects now: 2593.
Total: 3.019093 ms (FindLiveObjects: 0.271701 ms CreateObjectMapping: 0.080213 ms MarkObjects: 2.531328 ms  DeleteObjects: 0.134485 ms)

========================================================================
Received Prepare
Registering precompiled user dll's ...
Registered in 0.004249 seconds.
Begin MonoManager ReloadAssembly
Native extension for WindowsStandalone target not found
Refreshing native plugins compatible for Editor in 0.64 ms, found 3 plugins.
Preloading 0 native plugins for Editor in 0.00 ms.
Mono: successfully reloaded assembly
- Completed reload, in  1.126 seconds
Platform modules already initialized, skipping
Refreshing native plugins compatible for Editor in 0.60 ms, found 3 plugins.
Preloading 0 native plugins for Editor in 0.00 ms.
Unloading 2125 Unused Serialized files (Serialized files now loaded: 0)
System memory in use before: 95.3 MB.
System memory in use after: 95.3 MB.

Unloading 23 unused Assets to reduce memory usage. Loaded Objects now: 2597.
Total: 3.003050 ms (FindLiveObjects: 0.276821 ms CreateObjectMapping: 0.101376 ms MarkObjects: 2.496853 ms  DeleteObjects: 0.126293 ms)

========================================================================
Received Import Request.
  Time since last request: 2415.853349 seconds.
  path: Assets/Game/Scripts
  artifactKey: Guid(4f7e875828028874d9b15f0ec546457e) Importer(815301076,1909f56bfc062723c751e8b465ee728b)
Start importing Assets/Game/Scripts using Guid(4f7e875828028874d9b15f0ec546457e) Importer(815301076,1909f56bfc062723c751e8b465ee728b)  -> (artifact id: '9c549cdf0ac3e0e56449f851e3077d6f') in 0.082667 seconds
  Import took 0.086937 seconds .

========================================================================
Received Import Request.
  Time since last request: 17.531847 seconds.
  path: Assets/Game/Cells/Factory/Cells Factory.asset
  artifactKey: Guid(6bdde38e8b3f6b9488bac129d9ee279e) Importer(815301076,1909f56bfc062723c751e8b465ee728b)
Start importing Assets/Game/Cells/Factory/Cells Factory.asset using Guid(6bdde38e8b3f6b9488bac129d9ee279e) Importer(815301076,1909f56bfc062723c751e8b465ee728b)  -> (artifact id: 'e57eb18c4a5a1c74db375d42e3475619') in 4.344470 seconds
  Import took 4.350673 seconds .

========================================================================
Received Prepare
Registering precompiled user dll's ...
Registered in 0.004286 seconds.
Begin MonoManager ReloadAssembly
Native extension for WindowsStandalone target not found
Refreshing native plugins compatible for Editor in 0.71 ms, found 3 plugins.
Preloading 0 native plugins for Editor in 0.00 ms.
Mono: successfully reloaded assembly
- Completed reload, in  1.176 seconds
Platform modules already initialized, skipping
Refreshing native plugins compatible for Editor in 0.59 ms, found 3 plugins.
Preloading 0 native plugins for Editor in 0.00 ms.
Unloading 2125 Unused Serialized files (Serialized files now loaded: 0)
System memory in use before: 95.3 MB.
System memory in use after: 95.3 MB.

Unloading 23 unused Assets to reduce memory usage. Loaded Objects now: 2601.
Total: 3.092138 ms (FindLiveObjects: 0.291157 ms CreateObjectMapping: 0.106837 ms MarkObjects: 2.562730 ms  DeleteObjects: 0.129707 ms)

========================================================================
Received Prepare
Registering precompiled user dll's ...
Registered in 0.004857 seconds.
Begin MonoManager ReloadAssembly
Native extension for WindowsStandalone target not found
Refreshing native plugins compatible for Editor in 0.70 ms, found 3 plugins.
Preloading 0 native plugins for Editor in 0.00 ms.
Mono: successfully reloaded assembly
- Completed reload, in  1.216 seconds
Platform modules already initialized, skipping
Refreshing native plugins compatible for Editor in 0.66 ms, found 3 plugins.
Preloading 0 native plugins for Editor in 0.00 ms.
Unloading 2125 Unused Serialized files (Serialized files now loaded: 0)
System memory in use before: 95.3 MB.
System memory in use after: 95.3 MB.

Unloading 23 unused Assets to reduce memory usage. Loaded Objects now: 2605.
Total: 2.977450 ms (FindLiveObjects: 0.283307 ms CreateObjectMapping: 0.090795 ms MarkObjects: 2.473301 ms  DeleteObjects: 0.129024 ms)

========================================================================
Received Import Request.
  Time since last request: 129.709923 seconds.
  path: Assets/Game/Cells/Prefabs/Cell.prefab
  artifactKey: Guid(224abc12041c748408db562cb82a2788) Importer(815301076,1909f56bfc062723c751e8b465ee728b)
Start importing Assets/Game/Cells/Prefabs/Cell.prefab using Guid(224abc12041c748408db562cb82a2788) Importer(815301076,1909f56bfc062723c751e8b465ee728b)  -> (artifact id: 'a7d75935f57e51787d3ab0f805936876') in 0.098306 seconds
  Import took 0.103518 seconds .

========================================================================
Received Import Request.
  Time since last request: 3.499757 seconds.
  path: Assets/Game/Cells/Prefabs/EmptyCell.prefab
  artifactKey: Guid(d0672f61ea709e44bb3f9cd5af4704e1) Importer(815301076,1909f56bfc062723c751e8b465ee728b)
Start importing Assets/Game/Cells/Prefabs/EmptyCell.prefab using Guid(d0672f61ea709e44bb3f9cd5af4704e1) Importer(815301076,1909f56bfc062723c751e8b465ee728b)  -> (artifact id: '59264a7a8f37426952eb17ab31ab0a62') in 0.012565 seconds
  Import took 0.017147 seconds .

========================================================================
Received Import Request.
  Time since last request: 0.002598 seconds.
  path: Assets/Game/Cells/Prefabs/EmptyCell.prefab
  artifactKey: Guid(d0672f61ea709e44bb3f9cd5af4704e1) Importer(815301076,1909f56bfc062723c751e8b465ee728b)
Start importing Assets/Game/Cells/Prefabs/EmptyCell.prefab using Guid(d0672f61ea709e44bb3f9cd5af4704e1) Importer(815301076,1909f56bfc062723c751e8b465ee728b)  -> (artifact id: '59264a7a8f37426952eb17ab31ab0a62') in 0.006146 seconds
  Import took 0.011331 seconds .

========================================================================
Received Import Request.
  Time since last request: 3.854775 seconds.
  path: Assets/Game/Cells/Prefabs/EmptyCell.prefab
  artifactKey: Guid(d0672f61ea709e44bb3f9cd5af4704e1) Importer(815301076,1909f56bfc062723c751e8b465ee728b)
Start importing Assets/Game/Cells/Prefabs/EmptyCell.prefab using Guid(d0672f61ea709e44bb3f9cd5af4704e1) Importer(815301076,1909f56bfc062723c751e8b465ee728b)  -> (artifact id: '62e36a603893b710a962d56ab1bb69e8') in 0.006955 seconds
  Import took 0.014605 seconds .

========================================================================
Received Prepare
Registering precompiled user dll's ...
Registered in 0.004364 seconds.
Begin MonoManager ReloadAssembly
Native extension for WindowsStandalone target not found
Refreshing native plugins compatible for Editor in 0.60 ms, found 3 plugins.
Preloading 0 native plugins for Editor in 0.00 ms.
Mono: successfully reloaded assembly
- Completed reload, in  1.168 seconds
Platform modules already initialized, skipping
Refreshing native plugins compatible for Editor in 0.59 ms, found 3 plugins.
Preloading 0 native plugins for Editor in 0.00 ms.
Unloading 2125 Unused Serialized files (Serialized files now loaded: 0)
System memory in use before: 95.4 MB.
System memory in use after: 95.4 MB.

Unloading 23 unused Assets to reduce memory usage. Loaded Objects now: 2609.
Total: 3.089749 ms (FindLiveObjects: 0.286379 ms CreateObjectMapping: 0.107520 ms MarkObjects: 2.568192 ms  DeleteObjects: 0.126635 ms)

========================================================================
Received Prepare
Registering precompiled user dll's ...
Registered in 0.004237 seconds.
Begin MonoManager ReloadAssembly
Native extension for WindowsStandalone target not found
Refreshing native plugins compatible for Editor in 0.60 ms, found 3 plugins.
Preloading 0 native plugins for Editor in 0.00 ms.
Mono: successfully reloaded assembly
- Completed reload, in  1.192 seconds
Platform modules already initialized, skipping
Refreshing native plugins compatible for Editor in 0.62 ms, found 3 plugins.
Preloading 0 native plugins for Editor in 0.00 ms.
Unloading 2125 Unused Serialized files (Serialized files now loaded: 0)
System memory in use before: 95.4 MB.
System memory in use after: 95.4 MB.

Unloading 23 unused Assets to reduce memory usage. Loaded Objects now: 2613.
Total: 3.352575 ms (FindLiveObjects: 0.356352 ms CreateObjectMapping: 0.131413 ms MarkObjects: 2.723840 ms  DeleteObjects: 0.139264 ms)

========================================================================
Received Prepare
Registering precompiled user dll's ...
Registered in 0.004658 seconds.
Begin MonoManager ReloadAssembly
Native extension for WindowsStandalone target not found
Refreshing native plugins compatible for Editor in 0.60 ms, found 3 plugins.
Preloading 0 native plugins for Editor in 0.00 ms.
Mono: successfully reloaded assembly
- Completed reload, in  1.212 seconds
Platform modules already initialized, skipping
Refreshing native plugins compatible for Editor in 0.61 ms, found 3 plugins.
Preloading 0 native plugins for Editor in 0.00 ms.
Unloading 2125 Unused Serialized files (Serialized files now loaded: 0)
System memory in use before: 95.4 MB.
System memory in use after: 95.4 MB.

Unloading 23 unused Assets to reduce memory usage. Loaded Objects now: 2617.
Total: 3.355306 ms (FindLiveObjects: 0.302080 ms CreateObjectMapping: 0.111616 ms MarkObjects: 2.806442 ms  DeleteObjects: 0.133461 ms)

========================================================================
Received Prepare
Registering precompiled user dll's ...
Registered in 0.004412 seconds.
Begin MonoManager ReloadAssembly
Native extension for WindowsStandalone target not found
Refreshing native plugins compatible for Editor in 0.61 ms, found 3 plugins.
Preloading 0 native plugins for Editor in 0.00 ms.
Mono: successfully reloaded assembly
- Completed reload, in  1.139 seconds
Platform modules already initialized, skipping
Refreshing native plugins compatible for Editor in 0.61 ms, found 3 plugins.
Preloading 0 native plugins for Editor in 0.00 ms.
Unloading 2125 Unused Serialized files (Serialized files now loaded: 0)
System memory in use before: 95.4 MB.
System memory in use after: 95.4 MB.

Unloading 23 unused Assets to reduce memory usage. Loaded Objects now: 2621.
Total: 3.295914 ms (FindLiveObjects: 0.281941 ms CreateObjectMapping: 0.102741 ms MarkObjects: 2.766848 ms  DeleteObjects: 0.142336 ms)

========================================================================
Received Import Request.
  Time since last request: 645.463815 seconds.
  path: Assets/Game/Cells/Scripts/Cell.cs
  artifactKey: Guid(64d47b50ea9966446b031712727a01ad) Importer(815301076,1909f56bfc062723c751e8b465ee728b)
Start importing Assets/Game/Cells/Scripts/Cell.cs using Guid(64d47b50ea9966446b031712727a01ad) Importer(815301076,1909f56bfc062723c751e8b465ee728b)  -> (artifact id: '05d831e5bde7c84c708c0181e503ba10') in 0.006619 seconds
  Import took 0.011227 seconds .

========================================================================
Received Prepare
Registering precompiled user dll's ...
Registered in 0.098862 seconds.
Begin MonoManager ReloadAssembly
Native extension for WindowsStandalone target not found
Refreshing native plugins compatible for Editor in 0.76 ms, found 3 plugins.
Preloading 0 native plugins for Editor in 0.00 ms.
Mono: successfully reloaded assembly
- Completed reload, in  1.378 seconds
Platform modules already initialized, skipping
Refreshing native plugins compatible for Editor in 0.66 ms, found 3 plugins.
Preloading 0 native plugins for Editor in 0.00 ms.
Unloading 2125 Unused Serialized files (Serialized files now loaded: 0)
System memory in use before: 95.4 MB.
System memory in use after: 95.4 MB.

Unloading 23 unused Assets to reduce memory usage. Loaded Objects now: 2625.
Total: 3.429034 ms (FindLiveObjects: 0.336213 ms CreateObjectMapping: 0.107179 ms MarkObjects: 2.783573 ms  DeleteObjects: 0.200704 ms)

========================================================================
Received Prepare
Registering precompiled user dll's ...
Registered in 0.004504 seconds.
Begin MonoManager ReloadAssembly
Native extension for WindowsStandalone target not found
Refreshing native plugins compatible for Editor in 0.64 ms, found 3 plugins.
Preloading 0 native plugins for Editor in 0.00 ms.
Mono: successfully reloaded assembly
- Completed reload, in  1.201 seconds
Platform modules already initialized, skipping
Refreshing native plugins compatible for Editor in 0.71 ms, found 3 plugins.
Preloading 0 native plugins for Editor in 0.00 ms.
Unloading 2125 Unused Serialized files (Serialized files now loaded: 0)
System memory in use before: 95.4 MB.
System memory in use after: 95.4 MB.

Unloading 23 unused Assets to reduce memory usage. Loaded Objects now: 2629.
Total: 3.195562 ms (FindLiveObjects: 0.284672 ms CreateObjectMapping: 0.088747 ms MarkObjects: 2.689024 ms  DeleteObjects: 0.131755 ms)

========================================================================
Received Import Request.
  Time since last request: 2743.332357 seconds.
  path: Assets/Game/Cells/Scripts/Cell.cs
  artifactKey: Guid(64d47b50ea9966446b031712727a01ad) Importer(815301076,1909f56bfc062723c751e8b465ee728b)
Start importing Assets/Game/Cells/Scripts/Cell.cs using Guid(64d47b50ea9966446b031712727a01ad) Importer(815301076,1909f56bfc062723c751e8b465ee728b)  -> (artifact id: 'ac98974c5e30205deddbe0db4db5478a') in 0.005711 seconds
  Import took 0.010253 seconds .

========================================================================
Received Prepare
Registering precompiled user dll's ...
Registered in 0.004776 seconds.
Begin MonoManager ReloadAssembly
Native extension for WindowsStandalone target not found
Refreshing native plugins compatible for Editor in 0.62 ms, found 3 plugins.
Preloading 0 native plugins for Editor in 0.00 ms.
Mono: successfully reloaded assembly
- Completed reload, in  1.156 seconds
Platform modules already initialized, skipping
Refreshing native plugins compatible for Editor in 0.61 ms, found 3 plugins.
Preloading 0 native plugins for Editor in 0.00 ms.
Unloading 2125 Unused Serialized files (Serialized files now loaded: 0)
System memory in use before: 95.4 MB.
System memory in use after: 95.4 MB.

Unloading 23 unused Assets to reduce memory usage. Loaded Objects now: 2633.
Total: 3.196586 ms (FindLiveObjects: 0.278187 ms CreateObjectMapping: 0.101035 ms MarkObjects: 2.691754 ms  DeleteObjects: 0.124587 ms)

========================================================================
Received Prepare
Registering precompiled user dll's ...
Registered in 0.004342 seconds.
Begin MonoManager ReloadAssembly
Native extension for WindowsStandalone target not found
Refreshing native plugins compatible for Editor in 0.67 ms, found 3 plugins.
Preloading 0 native plugins for Editor in 0.00 ms.
Mono: successfully reloaded assembly
- Completed reload, in  1.142 seconds
Platform modules already initialized, skipping
Refreshing native plugins compatible for Editor in 0.60 ms, found 3 plugins.
Preloading 0 native plugins for Editor in 0.00 ms.
Unloading 2125 Unused Serialized files (Serialized files now loaded: 0)
System memory in use before: 95.4 MB.
System memory in use after: 95.4 MB.

Unloading 23 unused Assets to reduce memory usage. Loaded Objects now: 2637.
Total: 3.229695 ms (FindLiveObjects: 0.282283 ms CreateObjectMapping: 0.097621 ms MarkObjects: 2.716330 ms  DeleteObjects: 0.132096 ms)

========================================================================
Received Prepare
Registering precompiled user dll's ...
Registered in 0.005167 seconds.
Begin MonoManager ReloadAssembly
Native extension for WindowsStandalone target not found
Refreshing native plugins compatible for Editor in 0.65 ms, found 3 plugins.
Preloading 0 native plugins for Editor in 0.00 ms.
Mono: successfully reloaded assembly
- Completed reload, in  1.191 seconds
Platform modules already initialized, skipping
Refreshing native plugins compatible for Editor in 0.62 ms, found 3 plugins.
Preloading 0 native plugins for Editor in 0.00 ms.
Unloading 2125 Unused Serialized files (Serialized files now loaded: 0)
System memory in use before: 95.4 MB.
System memory in use after: 95.4 MB.

Unloading 23 unused Assets to reduce memory usage. Loaded Objects now: 2641.
Total: 3.098623 ms (FindLiveObjects: 0.281941 ms CreateObjectMapping: 0.100011 ms MarkObjects: 2.584576 ms  DeleteObjects: 0.131072 ms)

========================================================================
Received Import Request.
  Time since last request: 822.867861 seconds.
  path: Assets/Game/Scripts/Game.cs
  artifactKey: Guid(70471a744b6a394419027c33433e8d20) Importer(815301076,1909f56bfc062723c751e8b465ee728b)
Start importing Assets/Game/Scripts/Game.cs using Guid(70471a744b6a394419027c33433e8d20) Importer(815301076,1909f56bfc062723c751e8b465ee728b)  -> (artifact id: 'e4b5c66b13f915df518b0e5a3cc719e3') in 0.009909 seconds
  Import took 0.014123 seconds .

========================================================================
Received Import Request.
  Time since last request: 37.560398 seconds.
  path: Assets/Scenes/SampleScene.unity
  artifactKey: Guid(2cda990e2423bbf4892e6590ba056729) Importer(815301076,1909f56bfc062723c751e8b465ee728b)
Start importing Assets/Scenes/SampleScene.unity using Guid(2cda990e2423bbf4892e6590ba056729) Importer(815301076,1909f56bfc062723c751e8b465ee728b)  -> (artifact id: '6f41941f70243cad044e8adcb717acab') in 0.078154 seconds
  Import took 0.083572 seconds .

========================================================================
Received Import Request.
  Time since last request: 16.765557 seconds.
  path: Assets/Scenes/Game.unity
  artifactKey: Guid(2cda990e2423bbf4892e6590ba056729) Importer(815301076,1909f56bfc062723c751e8b465ee728b)
Start importing Assets/Scenes/Game.unity using Guid(2cda990e2423bbf4892e6590ba056729) Importer(815301076,1909f56bfc062723c751e8b465ee728b)  -> (artifact id: '3b7265bdad3be227413bf2c119e5a342') in 0.009944 seconds
  Import took 0.016065 seconds .

========================================================================
Received Prepare
Registering precompiled user dll's ...
Registered in 0.004266 seconds.
Begin MonoManager ReloadAssembly
Native extension for WindowsStandalone target not found
Refreshing native plugins compatible for Editor in 0.64 ms, found 3 plugins.
Preloading 0 native plugins for Editor in 0.00 ms.
Mono: successfully reloaded assembly
- Completed reload, in  1.179 seconds
Platform modules already initialized, skipping
Refreshing native plugins compatible for Editor in 0.63 ms, found 3 plugins.
Preloading 0 native plugins for Editor in 0.00 ms.
Unloading 2125 Unused Serialized files (Serialized files now loaded: 0)
System memory in use before: 95.5 MB.
System memory in use after: 95.4 MB.

Unloading 23 unused Assets to reduce memory usage. Loaded Objects now: 2645.
Total: 3.123199 ms (FindLiveObjects: 0.281259 ms CreateObjectMapping: 0.102400 ms MarkObjects: 2.603008 ms  DeleteObjects: 0.135168 ms)

========================================================================
Received Import Request.
  Time since last request: 625.634167 seconds.
  path: Assets/Game/Lobby
  artifactKey: Guid(1eae1e44828ab4849838593bc96a9353) Importer(815301076,1909f56bfc062723c751e8b465ee728b)
Start importing Assets/Game/Lobby using Guid(1eae1e44828ab4849838593bc96a9353) Importer(815301076,1909f56bfc062723c751e8b465ee728b)  -> (artifact id: 'cd30044130dd0ec483e13f6766212c11') in 0.021207 seconds
  Import took 0.028868 seconds .

========================================================================
Received Import Request.
  Time since last request: 14.549610 seconds.
  path: Assets/Game/Lobby/Lobby.cs
  artifactKey: Guid(8b0d2b48a85006543922e8d7cc283c24) Importer(815301076,1909f56bfc062723c751e8b465ee728b)
Start importing Assets/Game/Lobby/Lobby.cs using Guid(8b0d2b48a85006543922e8d7cc283c24) Importer(815301076,1909f56bfc062723c751e8b465ee728b)  -> (artifact id: '0dbf8b270a18347efbaba6f7c7ea2470') in 0.013108 seconds
  Import took 0.018119 seconds .

========================================================================
Received Prepare
Registering precompiled user dll's ...
Registered in 0.004367 seconds.
Begin MonoManager ReloadAssembly
Native extension for WindowsStandalone target not found
Refreshing native plugins compatible for Editor in 0.61 ms, found 3 plugins.
Preloading 0 native plugins for Editor in 0.00 ms.
Mono: successfully reloaded assembly
- Completed reload, in  1.274 seconds
Platform modules already initialized, skipping
Refreshing native plugins compatible for Editor in 0.62 ms, found 3 plugins.
Preloading 0 native plugins for Editor in 0.00 ms.
Unloading 2126 Unused Serialized files (Serialized files now loaded: 0)
System memory in use before: 95.5 MB.
System memory in use after: 95.5 MB.

Unloading 23 unused Assets to reduce memory usage. Loaded Objects now: 2650.
Total: 3.419818 ms (FindLiveObjects: 0.283307 ms CreateObjectMapping: 0.107861 ms MarkObjects: 2.891434 ms  DeleteObjects: 0.135851 ms)

========================================================================
Received Import Request.
  Time since last request: 52.254910 seconds.
  path: Assets/Scenes
  artifactKey: Guid(37a5f0423feba5e4cbc9f9a358c2cb7a) Importer(815301076,1909f56bfc062723c751e8b465ee728b)
Start importing Assets/Scenes using Guid(37a5f0423feba5e4cbc9f9a358c2cb7a) Importer(815301076,1909f56bfc062723c751e8b465ee728b)  -> (artifact id: '19aff5b40310fe1821e75c63c3fbf8de') in 0.014187 seconds
  Import took 0.019047 seconds .

========================================================================
Received Import Request.
  Time since last request: 15.665530 seconds.
  path: Assets/Scenes/Lobby.unity
  artifactKey: Guid(d5912783440ffcc4ebbfb9f3dce96054) Importer(815301076,1909f56bfc062723c751e8b465ee728b)
Start importing Assets/Scenes/Lobby.unity using Guid(d5912783440ffcc4ebbfb9f3dce96054) Importer(815301076,1909f56bfc062723c751e8b465ee728b)  -> (artifact id: '34d9e0edab8bba47208048244ffe119b') in 0.020860 seconds
  Import took 0.025424 seconds .

========================================================================
Received Prepare
Registering precompiled user dll's ...
Registered in 0.004646 seconds.
Begin MonoManager ReloadAssembly
Native extension for WindowsStandalone target not found
Refreshing native plugins compatible for Editor in 0.60 ms, found 3 plugins.
Preloading 0 native plugins for Editor in 0.00 ms.
Mono: successfully reloaded assembly
- Completed reload, in  1.188 seconds
Platform modules already initialized, skipping
Refreshing native plugins compatible for Editor in 0.65 ms, found 3 plugins.
Preloading 0 native plugins for Editor in 0.00 ms.
Unloading 2126 Unused Serialized files (Serialized files now loaded: 0)
System memory in use before: 95.5 MB.
System memory in use after: 95.5 MB.

Unloading 23 unused Assets to reduce memory usage. Loaded Objects now: 2654.
Total: 3.155967 ms (FindLiveObjects: 0.287061 ms CreateObjectMapping: 0.182272 ms MarkObjects: 2.555904 ms  DeleteObjects: 0.129024 ms)

========================================================================
Received Prepare
Registering precompiled user dll's ...
Registered in 0.004414 seconds.
Begin MonoManager ReloadAssembly
Native extension for WindowsStandalone target not found
Refreshing native plugins compatible for Editor in 0.59 ms, found 3 plugins.
Preloading 0 native plugins for Editor in 0.00 ms.
Mono: successfully reloaded assembly
- Completed reload, in  1.158 seconds
Platform modules already initialized, skipping
Refreshing native plugins compatible for Editor in 0.65 ms, found 3 plugins.
Preloading 0 native plugins for Editor in 0.00 ms.
Unloading 2126 Unused Serialized files (Serialized files now loaded: 0)
System memory in use before: 95.5 MB.
System memory in use after: 95.5 MB.

Unloading 23 unused Assets to reduce memory usage. Loaded Objects now: 2658.
Total: 3.607210 ms (FindLiveObjects: 0.311296 ms CreateObjectMapping: 0.102400 ms MarkObjects: 3.054250 ms  DeleteObjects: 0.137216 ms)

========================================================================
Received Prepare
Registering precompiled user dll's ...
Registered in 0.006207 seconds.
Begin MonoManager ReloadAssembly
Native extension for WindowsStandalone target not found
Refreshing native plugins compatible for Editor in 0.96 ms, found 3 plugins.
Preloading 0 native plugins for Editor in 0.00 ms.
Mono: successfully reloaded assembly
- Completed reload, in  1.346 seconds
Platform modules already initialized, skipping
Refreshing native plugins compatible for Editor in 0.59 ms, found 3 plugins.
Preloading 0 native plugins for Editor in 0.00 ms.
Unloading 2126 Unused Serialized files (Serialized files now loaded: 0)
System memory in use before: 95.5 MB.
System memory in use after: 95.5 MB.

Unloading 23 unused Assets to reduce memory usage. Loaded Objects now: 2662.
Total: 3.065514 ms (FindLiveObjects: 0.289451 ms CreateObjectMapping: 0.098304 ms MarkObjects: 2.536448 ms  DeleteObjects: 0.140288 ms)

========================================================================
Received Prepare
Registering precompiled user dll's ...
Registered in 0.007936 seconds.
Begin MonoManager ReloadAssembly
Native extension for WindowsStandalone target not found
Refreshing native plugins compatible for Editor in 0.64 ms, found 3 plugins.
Preloading 0 native plugins for Editor in 0.00 ms.
Mono: successfully reloaded assembly
- Completed reload, in  1.152 seconds
Platform modules already initialized, skipping
Refreshing native plugins compatible for Editor in 0.60 ms, found 3 plugins.
Preloading 0 native plugins for Editor in 0.00 ms.
Unloading 2126 Unused Serialized files (Serialized files now loaded: 0)
System memory in use before: 95.5 MB.
System memory in use after: 95.5 MB.

Unloading 23 unused Assets to reduce memory usage. Loaded Objects now: 2666.
Total: 3.062442 ms (FindLiveObjects: 0.325291 ms CreateObjectMapping: 0.111957 ms MarkObjects: 2.485930 ms  DeleteObjects: 0.138240 ms)

========================================================================
Received Prepare
Registering precompiled user dll's ...
Registered in 0.004461 seconds.
Begin MonoManager ReloadAssembly
Native extension for WindowsStandalone target not found
Refreshing native plugins compatible for Editor in 0.66 ms, found 3 plugins.
Preloading 0 native plugins for Editor in 0.00 ms.
Mono: successfully reloaded assembly
- Completed reload, in  1.146 seconds
Platform modules already initialized, skipping
Refreshing native plugins compatible for Editor in 0.60 ms, found 3 plugins.
Preloading 0 native plugins for Editor in 0.00 ms.
Unloading 2126 Unused Serialized files (Serialized files now loaded: 0)
System memory in use before: 95.5 MB.
System memory in use after: 95.5 MB.

Unloading 23 unused Assets to reduce memory usage. Loaded Objects now: 2670.
Total: 3.153578 ms (FindLiveObjects: 0.288085 ms CreateObjectMapping: 0.093867 ms MarkObjects: 2.638165 ms  DeleteObjects: 0.132096 ms)

========================================================================
Received Import Request.
  Time since last request: 1779.224123 seconds.
  path: Assets/Game/Cells/Prefabs/Cell.prefab
  artifactKey: Guid(224abc12041c748408db562cb82a2788) Importer(815301076,1909f56bfc062723c751e8b465ee728b)
Start importing Assets/Game/Cells/Prefabs/Cell.prefab using Guid(224abc12041c748408db562cb82a2788) Importer(815301076,1909f56bfc062723c751e8b465ee728b)  -> (artifact id: 'd3163a048b4a0024bd23229d80c564bf') in 0.986705 seconds
  Import took 0.992385 seconds .

========================================================================
Received Prepare
Registering precompiled user dll's ...
Registered in 0.004438 seconds.
Begin MonoManager ReloadAssembly
Native extension for WindowsStandalone target not found
Refreshing native plugins compatible for Editor in 0.74 ms, found 3 plugins.
Preloading 0 native plugins for Editor in 0.00 ms.
Mono: successfully reloaded assembly
- Completed reload, in  1.419 seconds
Platform modules already initialized, skipping
Refreshing native plugins compatible for Editor in 0.76 ms, found 3 plugins.
Preloading 0 native plugins for Editor in 0.00 ms.
Unloading 2126 Unused Serialized files (Serialized files now loaded: 0)
System memory in use before: 95.6 MB.
System memory in use after: 95.5 MB.

Unloading 23 unused Assets to reduce memory usage. Loaded Objects now: 2674.
Total: 4.566357 ms (FindLiveObjects: 0.361813 ms CreateObjectMapping: 0.172373 ms MarkObjects: 3.826346 ms  DeleteObjects: 0.204117 ms)

========================================================================
Received Import Request.
  Time since last request: 32.607923 seconds.
  path: Assets/Game/Cells/Prefabs/Cell.prefab
  artifactKey: Guid(224abc12041c748408db562cb82a2788) Importer(815301076,1909f56bfc062723c751e8b465ee728b)
Start importing Assets/Game/Cells/Prefabs/Cell.prefab using Guid(224abc12041c748408db562cb82a2788) Importer(815301076,1909f56bfc062723c751e8b465ee728b)  -> (artifact id: 'cb2c1038ae1dc49f79e95c77a373b9ef') in 0.188977 seconds
  Import took 0.195306 seconds .

========================================================================
Received Prepare
Registering precompiled user dll's ...
Registered in 0.005389 seconds.
Begin MonoManager ReloadAssembly
Native extension for WindowsStandalone target not found
Refreshing native plugins compatible for Editor in 0.60 ms, found 3 plugins.
Preloading 0 native plugins for Editor in 0.00 ms.
Mono: successfully reloaded assembly
- Completed reload, in  1.192 seconds
Platform modules already initialized, skipping
Refreshing native plugins compatible for Editor in 0.61 ms, found 3 plugins.
Preloading 0 native plugins for Editor in 0.00 ms.
Unloading 2126 Unused Serialized files (Serialized files now loaded: 0)
System memory in use before: 95.6 MB.
System memory in use after: 95.6 MB.

Unloading 23 unused Assets to reduce memory usage. Loaded Objects now: 2678.
Total: 3.069951 ms (FindLiveObjects: 0.288768 ms CreateObjectMapping: 0.102059 ms MarkObjects: 2.546688 ms  DeleteObjects: 0.130731 ms)

========================================================================
Received Import Request.
  Time since last request: 306.528594 seconds.
  path: Assets/Game/Cells/Prefabs/Cell.prefab
  artifactKey: Guid(224abc12041c748408db562cb82a2788) Importer(815301076,1909f56bfc062723c751e8b465ee728b)
Start importing Assets/Game/Cells/Prefabs/Cell.prefab using Guid(224abc12041c748408db562cb82a2788) Importer(815301076,1909f56bfc062723c751e8b465ee728b)  -> (artifact id: '129f72468917f5bf468fc49f65029234') in 0.089583 seconds
  Import took 0.094177 seconds .

========================================================================
Received Prepare
Registering precompiled user dll's ...
Registered in 0.527168 seconds.
Begin MonoManager ReloadAssembly
Native extension for WindowsStandalone target not found
Refreshing native plugins compatible for Editor in 0.73 ms, found 3 plugins.
Preloading 0 native plugins for Editor in 0.00 ms.
Mono: successfully reloaded assembly
- Completed reload, in  1.352 seconds
Platform modules already initialized, skipping
Refreshing native plugins compatible for Editor in 0.68 ms, found 3 plugins.
Preloading 0 native plugins for Editor in 0.00 ms.
Unloading 2126 Unused Serialized files (Serialized files now loaded: 0)
System memory in use before: 95.6 MB.
System memory in use after: 95.6 MB.

Unloading 23 unused Assets to reduce memory usage. Loaded Objects now: 2682.
Total: 3.261439 ms (FindLiveObjects: 0.363861 ms CreateObjectMapping: 0.103424 ms MarkObjects: 2.629290 ms  DeleteObjects: 0.163840 ms)

========================================================================
Received Import Request.
  Time since last request: 4055.489868 seconds.
  path: Assets/Game/Cells/Prefabs/Cell.prefab
  artifactKey: Guid(224abc12041c748408db562cb82a2788) Importer(815301076,1909f56bfc062723c751e8b465ee728b)
Start importing Assets/Game/Cells/Prefabs/Cell.prefab using Guid(224abc12041c748408db562cb82a2788) Importer(815301076,1909f56bfc062723c751e8b465ee728b)  -> (artifact id: 'b81536ac84f9fb7095db258483aed2af') in 0.439304 seconds
  Import took 0.547250 seconds .

========================================================================
Received Import Request.
  Time since last request: 0.022348 seconds.
  path: Assets/Game/Cells/Prefabs/Cell.prefab
  artifactKey: Guid(224abc12041c748408db562cb82a2788) Importer(815301076,1909f56bfc062723c751e8b465ee728b)
Start importing Assets/Game/Cells/Prefabs/Cell.prefab using Guid(224abc12041c748408db562cb82a2788) Importer(815301076,1909f56bfc062723c751e8b465ee728b)  -> (artifact id: 'b81536ac84f9fb7095db258483aed2af') in 0.072630 seconds
  Import took 0.077653 seconds .

========================================================================
Received Prepare
Registering precompiled user dll's ...
Registered in 0.020326 seconds.
Begin MonoManager ReloadAssembly
Native extension for WindowsStandalone target not found
Refreshing native plugins compatible for Editor in 0.62 ms, found 3 plugins.
Preloading 0 native plugins for Editor in 0.00 ms.
Mono: successfully reloaded assembly
- Completed reload, in  1.358 seconds
Platform modules already initialized, skipping
Refreshing native plugins compatible for Editor in 1.03 ms, found 3 plugins.
Preloading 0 native plugins for Editor in 0.00 ms.
Unloading 2126 Unused Serialized files (Serialized files now loaded: 0)
System memory in use before: 95.6 MB.
System memory in use after: 95.6 MB.

Unloading 23 unused Assets to reduce memory usage. Loaded Objects now: 2686.
Total: 4.166997 ms (FindLiveObjects: 0.309248 ms CreateObjectMapping: 0.187051 ms MarkObjects: 3.325269 ms  DeleteObjects: 0.344064 ms)

========================================================================
Received Import Request.
  Time since last request: 183.904862 seconds.
  path: Assets/Game/Cells/Prefabs/Cell.prefab
  artifactKey: Guid(224abc12041c748408db562cb82a2788) Importer(815301076,1909f56bfc062723c751e8b465ee728b)
Start importing Assets/Game/Cells/Prefabs/Cell.prefab using Guid(224abc12041c748408db562cb82a2788) Importer(815301076,1909f56bfc062723c751e8b465ee728b)  -> (artifact id: '00a209096090b4070a45ec90cf80f116') in 0.105273 seconds
  Import took 0.110301 seconds .

========================================================================
Received Prepare
Registering precompiled user dll's ...
Registered in 0.004470 seconds.
Begin MonoManager ReloadAssembly
Native extension for WindowsStandalone target not found
Refreshing native plugins compatible for Editor in 0.83 ms, found 3 plugins.
Preloading 0 native plugins for Editor in 0.00 ms.
Mono: successfully reloaded assembly
- Completed reload, in  1.579 seconds
Platform modules already initialized, skipping
Refreshing native plugins compatible for Editor in 0.71 ms, found 3 plugins.
Preloading 0 native plugins for Editor in 0.00 ms.
Unloading 2126 Unused Serialized files (Serialized files now loaded: 0)
System memory in use before: 95.6 MB.
System memory in use after: 95.6 MB.

Unloading 23 unused Assets to reduce memory usage. Loaded Objects now: 2690.
Total: 4.626773 ms (FindLiveObjects: 0.649216 ms CreateObjectMapping: 0.187051 ms MarkObjects: 3.604821 ms  DeleteObjects: 0.183979 ms)

========================================================================
Received Import Request.
  Time since last request: 9.929330 seconds.
  path: Assets/Game/Cells/Prefabs/Cell.prefab
  artifactKey: Guid(224abc12041c748408db562cb82a2788) Importer(815301076,1909f56bfc062723c751e8b465ee728b)
Start importing Assets/Game/Cells/Prefabs/Cell.prefab using Guid(224abc12041c748408db562cb82a2788) Importer(815301076,1909f56bfc062723c751e8b465ee728b)  -> (artifact id: '9f54480db14bde0fb3810013faf63afb') in 0.117312 seconds
  Import took 0.124450 seconds .

========================================================================
Received Prepare
Registering precompiled user dll's ...
Registered in 0.004741 seconds.
Begin MonoManager ReloadAssembly
Native extension for WindowsStandalone target not found
Refreshing native plugins compatible for Editor in 0.63 ms, found 3 plugins.
Preloading 0 native plugins for Editor in 0.00 ms.
Mono: successfully reloaded assembly
- Completed reload, in  1.185 seconds
Platform modules already initialized, skipping
Refreshing native plugins compatible for Editor in 0.70 ms, found 3 plugins.
Preloading 0 native plugins for Editor in 0.00 ms.
Unloading 2126 Unused Serialized files (Serialized files now loaded: 0)
System memory in use before: 95.6 MB.
System memory in use after: 95.6 MB.

Unloading 23 unused Assets to reduce memory usage. Loaded Objects now: 2694.
Total: 3.452927 ms (FindLiveObjects: 0.327680 ms CreateObjectMapping: 0.109909 ms MarkObjects: 2.834090 ms  DeleteObjects: 0.179883 ms)

========================================================================
Received Import Request.
  Time since last request: 423.600790 seconds.
  path: Assets/Game/Cells/Prefabs/Cell.prefab
  artifactKey: Guid(224abc12041c748408db562cb82a2788) Importer(815301076,1909f56bfc062723c751e8b465ee728b)
Start importing Assets/Game/Cells/Prefabs/Cell.prefab using Guid(224abc12041c748408db562cb82a2788) Importer(815301076,1909f56bfc062723c751e8b465ee728b) NullReferenceException: Object reference not set to an instance of an object
  at CellAnimation..ctor () [0x00006] in D:\unity\2048\Assets\Game\Cells\Scripts\Cell.cs:96 

(Filename: Assets/Game/Cells/Scripts/Cell.cs Line: 96)

 -> (artifact id: '2aaf38ab94ad81b4aca63d42bbc548a5') in 0.181195 seconds
  Import took 0.186034 seconds .

========================================================================
Received Import Request.
  Time since last request: 4.962167 seconds.
  path: Assets/Game/Cells/Prefabs/Cell.prefab
  artifactKey: Guid(224abc12041c748408db562cb82a2788) Importer(815301076,1909f56bfc062723c751e8b465ee728b)
Start importing Assets/Game/Cells/Prefabs/Cell.prefab using Guid(224abc12041c748408db562cb82a2788) Importer(815301076,1909f56bfc062723c751e8b465ee728b) NullReferenceException: Object reference not set to an instance of an object
  at CellAnimation..ctor () [0x00006] in D:\unity\2048\Assets\Game\Cells\Scripts\Cell.cs:96 

(Filename: Assets/Game/Cells/Scripts/Cell.cs Line: 96)

 -> (artifact id: 'b2eb39882432ad1be234ae7f72f2724e') in 0.040090 seconds
  Import took 0.045566 seconds .

========================================================================
Received Prepare
Registering precompiled user dll's ...
Registered in 0.004961 seconds.
Begin MonoManager ReloadAssembly
Native extension for WindowsStandalone target not found
Refreshing native plugins compatible for Editor in 0.72 ms, found 3 plugins.
Preloading 0 native plugins for Editor in 0.00 ms.
Mono: successfully reloaded assembly
- Completed reload, in  1.513 seconds
Platform modules already initialized, skipping
Refreshing native plugins compatible for Editor in 0.66 ms, found 3 plugins.
Preloading 0 native plugins for Editor in 0.00 ms.
Unloading 2126 Unused Serialized files (Serialized files now loaded: 0)
System memory in use before: 95.8 MB.
System memory in use after: 95.7 MB.

Unloading 23 unused Assets to reduce memory usage. Loaded Objects now: 2698.
Total: 3.779583 ms (FindLiveObjects: 0.320512 ms CreateObjectMapping: 0.372395 ms MarkObjects: 2.931711 ms  DeleteObjects: 0.153600 ms)

========================================================================
Received Prepare
Registering precompiled user dll's ...
Registered in 0.005051 seconds.
Begin MonoManager ReloadAssembly
Native extension for WindowsStandalone target not found
Refreshing native plugins compatible for Editor in 0.92 ms, found 3 plugins.
Preloading 0 native plugins for Editor in 0.00 ms.
Mono: successfully reloaded assembly
- Completed reload, in  1.331 seconds
Platform modules already initialized, skipping
Refreshing native plugins compatible for Editor in 0.62 ms, found 3 plugins.
Preloading 0 native plugins for Editor in 0.00 ms.
Unloading 2126 Unused Serialized files (Serialized files now loaded: 0)
System memory in use before: 95.8 MB.
System memory in use after: 95.8 MB.

Unloading 23 unused Assets to reduce memory usage. Loaded Objects now: 2702.
Total: 3.792213 ms (FindLiveObjects: 0.341675 ms CreateObjectMapping: 0.165547 ms MarkObjects: 3.155626 ms  DeleteObjects: 0.128000 ms)

========================================================================
Received Prepare
Registering precompiled user dll's ...
Registered in 0.006437 seconds.
Begin MonoManager ReloadAssembly
Native extension for WindowsStandalone target not found
Refreshing native plugins compatible for Editor in 1.06 ms, found 3 plugins.
Preloading 0 native plugins for Editor in 0.00 ms.
Mono: successfully reloaded assembly
- Completed reload, in  1.591 seconds
Platform modules already initialized, skipping
Refreshing native plugins compatible for Editor in 1.00 ms, found 3 plugins.
Preloading 0 native plugins for Editor in 0.00 ms.
Unloading 2126 Unused Serialized files (Serialized files now loaded: 0)
System memory in use before: 95.9 MB.
System memory in use after: 95.9 MB.

Unloading 23 unused Assets to reduce memory usage. Loaded Objects now: 2706.
Total: 4.400469 ms (FindLiveObjects: 0.363179 ms CreateObjectMapping: 0.185003 ms MarkObjects: 3.694591 ms  DeleteObjects: 0.155648 ms)

========================================================================
Received Prepare
Registering precompiled user dll's ...
Registered in 0.004398 seconds.
Begin MonoManager ReloadAssembly
Native extension for WindowsStandalone target not found
Refreshing native plugins compatible for Editor in 0.73 ms, found 3 plugins.
Preloading 0 native plugins for Editor in 0.00 ms.
Mono: successfully reloaded assembly
- Completed reload, in  1.514 seconds
Platform modules already initialized, skipping
Refreshing native plugins compatible for Editor in 0.67 ms, found 3 plugins.
Preloading 0 native plugins for Editor in 0.00 ms.
Unloading 2126 Unused Serialized files (Serialized files now loaded: 0)
System memory in use before: 95.9 MB.
System memory in use after: 95.9 MB.

Unloading 23 unused Assets to reduce memory usage. Loaded Objects now: 2710.
Total: 105.450819 ms (FindLiveObjects: 0.325632 ms CreateObjectMapping: 0.121856 ms MarkObjects: 104.859289 ms  DeleteObjects: 0.142336 ms)

========================================================================
Received Prepare
Registering precompiled user dll's ...
Registered in 0.005262 seconds.
Begin MonoManager ReloadAssembly
Native extension for WindowsStandalone target not found
Refreshing native plugins compatible for Editor in 0.65 ms, found 3 plugins.
Preloading 0 native plugins for Editor in 0.00 ms.
Mono: successfully reloaded assembly
- Completed reload, in  1.800 seconds
Platform modules already initialized, skipping
Refreshing native plugins compatible for Editor in 0.84 ms, found 3 plugins.
Preloading 0 native plugins for Editor in 0.00 ms.
Unloading 2126 Unused Serialized files (Serialized files now loaded: 0)
System memory in use before: 95.9 MB.
System memory in use after: 96.0 MB.

Unloading 23 unused Assets to reduce memory usage. Loaded Objects now: 2714.
Total: 4.136618 ms (FindLiveObjects: 0.418475 ms CreateObjectMapping: 0.213675 ms MarkObjects: 3.336874 ms  DeleteObjects: 0.166229 ms)

========================================================================
Received Prepare
Registering precompiled user dll's ...
Registered in 0.004596 seconds.
Begin MonoManager ReloadAssembly
Native extension for WindowsStandalone target not found
Refreshing native plugins compatible for Editor in 0.70 ms, found 3 plugins.
Preloading 0 native plugins for Editor in 0.00 ms.
Mono: successfully reloaded assembly
- Completed reload, in  1.852 seconds
Platform modules already initialized, skipping
Refreshing native plugins compatible for Editor in 0.60 ms, found 3 plugins.
Preloading 0 native plugins for Editor in 0.00 ms.
Unloading 2126 Unused Serialized files (Serialized files now loaded: 0)
System memory in use before: 95.9 MB.
System memory in use after: 96.0 MB.

Unloading 23 unused Assets to reduce memory usage. Loaded Objects now: 2718.
Total: 3.411626 ms (FindLiveObjects: 0.308565 ms CreateObjectMapping: 0.129024 ms MarkObjects: 2.843648 ms  DeleteObjects: 0.129365 ms)

========================================================================
Received Prepare
Registering precompiled user dll's ...
Registered in 0.008030 seconds.
Begin MonoManager ReloadAssembly
Native extension for WindowsStandalone target not found
Refreshing native plugins compatible for Editor in 0.66 ms, found 3 plugins.
Preloading 0 native plugins for Editor in 0.00 ms.
Mono: successfully reloaded assembly
- Completed reload, in  1.523 seconds
Platform modules already initialized, skipping
Refreshing native plugins compatible for Editor in 0.76 ms, found 3 plugins.
Preloading 0 native plugins for Editor in 0.00 ms.
Unloading 2126 Unused Serialized files (Serialized files now loaded: 0)
System memory in use before: 95.9 MB.
System memory in use after: 96.0 MB.

Unloading 23 unused Assets to reduce memory usage. Loaded Objects now: 2722.
Total: 3.296938 ms (FindLiveObjects: 0.338261 ms CreateObjectMapping: 0.143019 ms MarkObjects: 2.675712 ms  DeleteObjects: 0.138923 ms)

========================================================================
Received Prepare
Registering precompiled user dll's ...
Registered in 0.004376 seconds.
Begin MonoManager ReloadAssembly
Native extension for WindowsStandalone target not found
Refreshing native plugins compatible for Editor in 0.77 ms, found 3 plugins.
Preloading 0 native plugins for Editor in 0.00 ms.
Mono: successfully reloaded assembly
- Completed reload, in  1.353 seconds
Platform modules already initialized, skipping
Refreshing native plugins compatible for Editor in 0.60 ms, found 3 plugins.
Preloading 0 native plugins for Editor in 0.00 ms.
Unloading 2126 Unused Serialized files (Serialized files now loaded: 0)
System memory in use before: 95.9 MB.
System memory in use after: 96.0 MB.

Unloading 23 unused Assets to reduce memory usage. Loaded Objects now: 2726.
Total: 3.504469 ms (FindLiveObjects: 0.309589 ms CreateObjectMapping: 0.134827 ms MarkObjects: 2.908842 ms  DeleteObjects: 0.149845 ms)

========================================================================
Received Prepare
Registering precompiled user dll's ...
Registered in 0.004291 seconds.
Begin MonoManager ReloadAssembly
Native extension for WindowsStandalone target not found
Refreshing native plugins compatible for Editor in 0.66 ms, found 3 plugins.
Preloading 0 native plugins for Editor in 0.00 ms.
Mono: successfully reloaded assembly
- Completed reload, in  1.232 seconds
Platform modules already initialized, skipping
Refreshing native plugins compatible for Editor in 0.70 ms, found 3 plugins.
Preloading 0 native plugins for Editor in 0.00 ms.
Unloading 2126 Unused Serialized files (Serialized files now loaded: 0)
System memory in use before: 95.9 MB.
System memory in use after: 96.0 MB.

Unloading 23 unused Assets to reduce memory usage. Loaded Objects now: 2730.
Total: 3.408213 ms (FindLiveObjects: 0.299008 ms CreateObjectMapping: 0.129365 ms MarkObjects: 2.837162 ms  DeleteObjects: 0.141312 ms)

========================================================================
Received Prepare
Registering precompiled user dll's ...
Registered in 0.004946 seconds.
Begin MonoManager ReloadAssembly
Native extension for WindowsStandalone target not found
Refreshing native plugins compatible for Editor in 0.62 ms, found 3 plugins.
Preloading 0 native plugins for Editor in 0.00 ms.
Mono: successfully reloaded assembly
- Completed reload, in  1.176 seconds
Platform modules already initialized, skipping
Refreshing native plugins compatible for Editor in 0.60 ms, found 3 plugins.
Preloading 0 native plugins for Editor in 0.00 ms.
Unloading 2126 Unused Serialized files (Serialized files now loaded: 0)
System memory in use before: 95.9 MB.
System memory in use after: 96.0 MB.

Unloading 23 unused Assets to reduce memory usage. Loaded Objects now: 2734.
Total: 3.296597 ms (FindLiveObjects: 0.351573 ms CreateObjectMapping: 0.122197 ms MarkObjects: 2.678101 ms  DeleteObjects: 0.143360 ms)

========================================================================
Received Import Request.
  Time since last request: 545.566465 seconds.
  path: Assets/Game/Cells/Prefabs/Cell.prefab
  artifactKey: Guid(224abc12041c748408db562cb82a2788) Importer(815301076,1909f56bfc062723c751e8b465ee728b)
Start importing Assets/Game/Cells/Prefabs/Cell.prefab using Guid(224abc12041c748408db562cb82a2788) Importer(815301076,1909f56bfc062723c751e8b465ee728b)  -> (artifact id: 'cdceb29b12cad719be9349122c53e8b7') in 0.101167 seconds
  Import took 0.109933 seconds .

========================================================================
Received Import Request.
  Time since last request: 16.765773 seconds.
  path: Assets/Game/Cells/Prefabs/Cell.prefab
  artifactKey: Guid(224abc12041c748408db562cb82a2788) Importer(815301076,1909f56bfc062723c751e8b465ee728b)
Start importing Assets/Game/Cells/Prefabs/Cell.prefab using Guid(224abc12041c748408db562cb82a2788) Importer(815301076,1909f56bfc062723c751e8b465ee728b)  -> (artifact id: '589500085532d139e1b76f509ee27b1f') in 0.035041 seconds
  Import took 0.039932 seconds .

========================================================================
Received Prepare
Registering precompiled user dll's ...
Registered in 0.004438 seconds.
Begin MonoManager ReloadAssembly
Native extension for WindowsStandalone target not found
Refreshing native plugins compatible for Editor in 0.70 ms, found 3 plugins.
Preloading 0 native plugins for Editor in 0.00 ms.
Mono: successfully reloaded assembly
- Completed reload, in  1.445 seconds
Platform modules already initialized, skipping
Refreshing native plugins compatible for Editor in 1.09 ms, found 3 plugins.
Preloading 0 native plugins for Editor in 0.00 ms.
Unloading 2126 Unused Serialized files (Serialized files now loaded: 0)
System memory in use before: 96.0 MB.
System memory in use after: 96.0 MB.

Unloading 23 unused Assets to reduce memory usage. Loaded Objects now: 2738.
Total: 4.985855 ms (FindLiveObjects: 0.323584 ms CreateObjectMapping: 0.390485 ms MarkObjects: 4.126037 ms  DeleteObjects: 0.144043 ms)

========================================================================
Received Import Request.
  Time since last request: 7.307121 seconds.
  path: Assets/Game/Cells/Prefabs/Cell.prefab
  artifactKey: Guid(224abc12041c748408db562cb82a2788) Importer(815301076,1909f56bfc062723c751e8b465ee728b)
Start importing Assets/Game/Cells/Prefabs/Cell.prefab using Guid(224abc12041c748408db562cb82a2788) Importer(815301076,1909f56bfc062723c751e8b465ee728b)  -> (artifact id: '9ce286593cfba355388ea08beff8820a') in 0.129792 seconds
  Import took 0.139379 seconds .

========================================================================
Received Prepare
Registering precompiled user dll's ...
Registered in 0.004542 seconds.
Begin MonoManager ReloadAssembly
Native extension for WindowsStandalone target not found
Refreshing native plugins compatible for Editor in 0.79 ms, found 3 plugins.
Preloading 0 native plugins for Editor in 0.00 ms.
Mono: successfully reloaded assembly
- Completed reload, in  1.177 seconds
Platform modules already initialized, skipping
Refreshing native plugins compatible for Editor in 0.61 ms, found 3 plugins.
Preloading 0 native plugins for Editor in 0.00 ms.
Unloading 2126 Unused Serialized files (Serialized files now loaded: 0)
System memory in use before: 96.0 MB.
System memory in use after: 96.0 MB.

Unloading 23 unused Assets to reduce memory usage. Loaded Objects now: 2742.
Total: 3.488426 ms (FindLiveObjects: 0.305493 ms CreateObjectMapping: 0.130048 ms MarkObjects: 2.909184 ms  DeleteObjects: 0.142336 ms)

========================================================================
Received Prepare
Registering precompiled user dll's ...
Registered in 0.004396 seconds.
Begin MonoManager ReloadAssembly
Native extension for WindowsStandalone target not found
Refreshing native plugins compatible for Editor in 0.64 ms, found 3 plugins.
Preloading 0 native plugins for Editor in 0.00 ms.
Mono: successfully reloaded assembly
- Completed reload, in  1.150 seconds
Platform modules already initialized, skipping
Refreshing native plugins compatible for Editor in 0.60 ms, found 3 plugins.
Preloading 0 native plugins for Editor in 0.00 ms.
Unloading 2126 Unused Serialized files (Serialized files now loaded: 0)
System memory in use before: 96.0 MB.
System memory in use after: 96.0 MB.

Unloading 23 unused Assets to reduce memory usage. Loaded Objects now: 2746.
Total: 3.327658 ms (FindLiveObjects: 0.303445 ms CreateObjectMapping: 0.134144 ms MarkObjects: 2.755242 ms  DeleteObjects: 0.133803 ms)

========================================================================
Received Prepare
Registering precompiled user dll's ...
Registered in 0.005685 seconds.
Begin MonoManager ReloadAssembly
Native extension for WindowsStandalone target not found
Refreshing native plugins compatible for Editor in 0.66 ms, found 3 plugins.
Preloading 0 native plugins for Editor in 0.00 ms.
Mono: successfully reloaded assembly
- Completed reload, in  1.966 seconds
Platform modules already initialized, skipping
Refreshing native plugins compatible for Editor in 0.93 ms, found 3 plugins.
Preloading 0 native plugins for Editor in 0.00 ms.
Unloading 2126 Unused Serialized files (Serialized files now loaded: 0)
System memory in use before: 96.0 MB.
System memory in use after: 96.0 MB.

Unloading 23 unused Assets to reduce memory usage. Loaded Objects now: 2750.
Total: 4.064597 ms (FindLiveObjects: 0.350549 ms CreateObjectMapping: 0.133120 ms MarkObjects: 3.426645 ms  DeleteObjects: 0.151893 ms)

