Using pre-set license
Built from '2020.3/staging' branch; Version is '2020.3.11f1 (99c7afb366b3) revision 10078127'; Using compiler version '192528614'; Build Type 'Release'
OS: 'Windows 10 Pro; OS build 17134.1304; Version 1803; 64bit' Language: 'ru' Physical Memory: 8156 MB
BatchMode: 1, IsHumanControllingUs: 0, StartBugReporterOnCrash: 0, Is64bit: 1, IsPro: 0

 COMMAND LINE ARGUMENTS:
C:\Program Files\Unity\Hub\Editor\2020.3.11f1\Editor\Unity.exe
-adb2
-batchMode
-noUpm
-name
AssetImportWorker8
-projectPath
D:/unity/2048
-logFile
Logs/AssetImportWorker8.log
-srvPort
52449
Successfully changed project path to: D:/unity/2048
D:/unity/2048
Using Asset Import Pipeline V2.
Refreshing native plugins compatible for Editor in 61.54 ms, found 3 plugins.
Preloading 0 native plugins for Editor in 0.00 ms.
Initialize engine version: 2020.3.11f1 (99c7afb366b3)
[Subsystems] Discovering subsystems at path C:/Program Files/Unity/Hub/Editor/2020.3.11f1/Editor/Data/Resources/UnitySubsystems
[Subsystems] Discovering subsystems at path D:/unity/2048/Assets
GfxDevice: creating device client; threaded=0
Direct3D:
    Version:  Direct3D 11.0 [level 11.1]
    Renderer: NVIDIA GeForce GTX 1050 (ID=0x1c81)
    Vendor:   
    VRAM:     1977 MB
    Driver:   30.0.14.9729
Initialize mono
Mono path[0] = 'C:/Program Files/Unity/Hub/Editor/2020.3.11f1/Editor/Data/Managed'
Mono path[1] = 'C:/Program Files/Unity/Hub/Editor/2020.3.11f1/Editor/Data/MonoBleedingEdge/lib/mono/unityjit'
Mono config path = 'C:/Program Files/Unity/Hub/Editor/2020.3.11f1/Editor/Data/MonoBleedingEdge/etc'
Using monoOptions --debugger-agent=transport=dt_socket,embedding=1,server=y,suspend=n,address=127.0.0.1:56308
Begin MonoManager ReloadAssembly
Registering precompiled unity dll's ...
Register platform support module: C:/Program Files/Unity/Hub/Editor/2020.3.11f1/Editor/Data/PlaybackEngines/WindowsStandaloneSupport/UnityEditor.WindowsStandalone.Extensions.dll
Registered in 0.001688 seconds.
Native extension for WindowsStandalone target not found
Refreshing native plugins compatible for Editor in 51.14 ms, found 3 plugins.
Preloading 0 native plugins for Editor in 0.00 ms.
Mono: successfully reloaded assembly
- Completed reload, in  2.822 seconds
Platform modules already initialized, skipping
Registering precompiled user dll's ...
Registered in 0.004860 seconds.
Begin MonoManager ReloadAssembly
Native extension for WindowsStandalone target not found
Refreshing native plugins compatible for Editor in 55.16 ms, found 3 plugins.
Preloading 0 native plugins for Editor in 0.00 ms.
Mono: successfully reloaded assembly
- Completed reload, in  4.229 seconds
Platform modules already initialized, skipping
========================================================================
Worker process is ready to serve import requests
Launched and connected shader compiler UnityShaderCompiler.exe after 0.48 seconds
Refreshing native plugins compatible for Editor in 0.69 ms, found 3 plugins.
Preloading 0 native plugins for Editor in 0.00 ms.
Unloading 2146 Unused Serialized files (Serialized files now loaded: 0)
System memory in use before: 96.6 MB.
System memory in use after: 96.5 MB.

Unloading 35 unused Assets to reduce memory usage. Loaded Objects now: 2584.
Total: 4.703576 ms (FindLiveObjects: 0.339286 ms CreateObjectMapping: 0.147115 ms MarkObjects: 4.021591 ms  DeleteObjects: 0.193536 ms)

========================================================================
Received Import Request.
  path: Assets/Game/Cells/Scripts/Cell.cs
  artifactKey: Guid(64d47b50ea9966446b031712727a01ad) Importer(815301076,1909f56bfc062723c751e8b465ee728b)
Start importing Assets/Game/Cells/Scripts/Cell.cs using Guid(64d47b50ea9966446b031712727a01ad) Importer(815301076,1909f56bfc062723c751e8b465ee728b)  -> (artifact id: '172f1f14c36896caceeadb7f0e2eaa2a') in 0.973561 seconds
  Import took 1.008150 seconds .

========================================================================
Received Prepare
Registering precompiled user dll's ...
Registered in 0.064479 seconds.
Begin MonoManager ReloadAssembly
Native extension for WindowsStandalone target not found
Refreshing native plugins compatible for Editor in 0.80 ms, found 3 plugins.
Preloading 0 native plugins for Editor in 0.00 ms.
Mono: successfully reloaded assembly
- Completed reload, in  4.712 seconds
Platform modules already initialized, skipping
Refreshing native plugins compatible for Editor in 0.85 ms, found 3 plugins.
Preloading 0 native plugins for Editor in 0.00 ms.
Unloading 2128 Unused Serialized files (Serialized files now loaded: 0)
System memory in use before: 95.3 MB.
System memory in use after: 95.3 MB.

Unloading 23 unused Assets to reduce memory usage. Loaded Objects now: 2588.
Total: 4.327426 ms (FindLiveObjects: 0.380928 ms CreateObjectMapping: 0.129365 ms MarkObjects: 3.621549 ms  DeleteObjects: 0.193536 ms)

========================================================================
Received Prepare
Registering precompiled user dll's ...
Registered in 3.638605 seconds.
Begin MonoManager ReloadAssembly
Native extension for WindowsStandalone target not found
Refreshing native plugins compatible for Editor in 0.78 ms, found 3 plugins.
Preloading 0 native plugins for Editor in 0.00 ms.
Mono: successfully reloaded assembly
- Completed reload, in  4.913 seconds
Platform modules already initialized, skipping
Refreshing native plugins compatible for Editor in 0.66 ms, found 3 plugins.
Preloading 0 native plugins for Editor in 0.00 ms.
Unloading 2128 Unused Serialized files (Serialized files now loaded: 0)
System memory in use before: 95.3 MB.
System memory in use after: 95.3 MB.

Unloading 23 unused Assets to reduce memory usage. Loaded Objects now: 2592.
Total: 3.968685 ms (FindLiveObjects: 0.329728 ms CreateObjectMapping: 0.137557 ms MarkObjects: 3.285676 ms  DeleteObjects: 0.213333 ms)

========================================================================
Received Prepare
Registering precompiled user dll's ...
Registered in 0.216259 seconds.
Begin MonoManager ReloadAssembly
Native extension for WindowsStandalone target not found
Refreshing native plugins compatible for Editor in 0.76 ms, found 3 plugins.
Preloading 0 native plugins for Editor in 0.00 ms.
Mono: successfully reloaded assembly
- Completed reload, in  1.638 seconds
Platform modules already initialized, skipping
Refreshing native plugins compatible for Editor in 0.71 ms, found 3 plugins.
Preloading 0 native plugins for Editor in 0.00 ms.
Unloading 2128 Unused Serialized files (Serialized files now loaded: 0)
System memory in use before: 95.3 MB.
System memory in use after: 95.3 MB.

Unloading 23 unused Assets to reduce memory usage. Loaded Objects now: 2596.
Total: 3.802114 ms (FindLiveObjects: 0.329728 ms CreateObjectMapping: 0.146091 ms MarkObjects: 3.124226 ms  DeleteObjects: 0.200021 ms)

========================================================================
Received Prepare
Registering precompiled user dll's ...
Registered in 0.045490 seconds.
Begin MonoManager ReloadAssembly
Native extension for WindowsStandalone target not found
Refreshing native plugins compatible for Editor in 0.92 ms, found 3 plugins.
Preloading 0 native plugins for Editor in 0.00 ms.
Mono: successfully reloaded assembly
- Completed reload, in  8.259 seconds
Platform modules already initialized, skipping
Refreshing native plugins compatible for Editor in 0.68 ms, found 3 plugins.
Preloading 0 native plugins for Editor in 0.00 ms.
Unloading 2128 Unused Serialized files (Serialized files now loaded: 0)
System memory in use before: 95.4 MB.
System memory in use after: 95.3 MB.

Unloading 23 unused Assets to reduce memory usage. Loaded Objects now: 2600.
Total: 6.020782 ms (FindLiveObjects: 0.314709 ms CreateObjectMapping: 0.119125 ms MarkObjects: 5.374979 ms  DeleteObjects: 0.209920 ms)

========================================================================
Received Prepare
Registering precompiled user dll's ...
Registered in 0.006582 seconds.
Begin MonoManager ReloadAssembly
Native extension for WindowsStandalone target not found
Refreshing native plugins compatible for Editor in 0.74 ms, found 3 plugins.
Preloading 0 native plugins for Editor in 0.00 ms.
Mono: successfully reloaded assembly
- Completed reload, in  2.150 seconds
Platform modules already initialized, skipping
Refreshing native plugins compatible for Editor in 0.70 ms, found 3 plugins.
Preloading 0 native plugins for Editor in 0.00 ms.
Unloading 2128 Unused Serialized files (Serialized files now loaded: 0)
System memory in use before: 95.4 MB.
System memory in use after: 95.3 MB.

Unloading 23 unused Assets to reduce memory usage. Loaded Objects now: 2604.
Total: 3.801773 ms (FindLiveObjects: 0.330411 ms CreateObjectMapping: 0.156672 ms MarkObjects: 3.061079 ms  DeleteObjects: 0.251563 ms)

========================================================================
Received Prepare
Registering precompiled user dll's ...
Registered in 0.024878 seconds.
Begin MonoManager ReloadAssembly
Native extension for WindowsStandalone target not found
Refreshing native plugins compatible for Editor in 0.87 ms, found 3 plugins.
Preloading 0 native plugins for Editor in 0.00 ms.
Mono: successfully reloaded assembly
- Completed reload, in  3.471 seconds
Platform modules already initialized, skipping
Refreshing native plugins compatible for Editor in 0.73 ms, found 3 plugins.
Preloading 0 native plugins for Editor in 0.00 ms.
Unloading 2128 Unused Serialized files (Serialized files now loaded: 0)
System memory in use before: 95.4 MB.
System memory in use after: 95.4 MB.

Unloading 23 unused Assets to reduce memory usage. Loaded Objects now: 2608.
Total: 4.474200 ms (FindLiveObjects: 0.397995 ms CreateObjectMapping: 0.271019 ms MarkObjects: 3.558060 ms  DeleteObjects: 0.208555 ms)

========================================================================
Received Prepare
Registering precompiled user dll's ...
Registered in 0.005902 seconds.
Begin MonoManager ReloadAssembly
Native extension for WindowsStandalone target not found
Refreshing native plugins compatible for Editor in 0.67 ms, found 3 plugins.
Preloading 0 native plugins for Editor in 0.00 ms.
Mono: successfully reloaded assembly
- Completed reload, in  1.408 seconds
Platform modules already initialized, skipping
Refreshing native plugins compatible for Editor in 0.72 ms, found 3 plugins.
Preloading 0 native plugins for Editor in 0.00 ms.
Unloading 2128 Unused Serialized files (Serialized files now loaded: 0)
System memory in use before: 95.4 MB.
System memory in use after: 95.4 MB.

Unloading 23 unused Assets to reduce memory usage. Loaded Objects now: 2612.
Total: 11.068763 ms (FindLiveObjects: 0.327339 ms CreateObjectMapping: 0.100693 ms MarkObjects: 3.418455 ms  DeleteObjects: 7.219886 ms)

========================================================================
Received Prepare
Registering precompiled user dll's ...
Registered in 0.269626 seconds.
Begin MonoManager ReloadAssembly
Native extension for WindowsStandalone target not found
Refreshing native plugins compatible for Editor in 0.82 ms, found 3 plugins.
Preloading 0 native plugins for Editor in 0.00 ms.
Mono: successfully reloaded assembly
- Completed reload, in  2.784 seconds
Platform modules already initialized, skipping
Refreshing native plugins compatible for Editor in 1.23 ms, found 3 plugins.
Preloading 0 native plugins for Editor in 0.00 ms.
Unloading 2128 Unused Serialized files (Serialized files now loaded: 0)
System memory in use before: 95.4 MB.
System memory in use after: 95.4 MB.

Unloading 23 unused Assets to reduce memory usage. Loaded Objects now: 2616.
Total: 59.581812 ms (FindLiveObjects: 0.320512 ms CreateObjectMapping: 0.119125 ms MarkObjects: 3.210924 ms  DeleteObjects: 55.929885 ms)

========================================================================
Received Import Request.
  Time since last request: 10946.951594 seconds.
  path: Assets/Lobby/ImageForView/3x3.png
  artifactKey: Guid(7ef71f5c0ffea4a468f233843917df3a) Importer(815301076,1909f56bfc062723c751e8b465ee728b)
Start importing Assets/Lobby/ImageForView/3x3.png using Guid(7ef71f5c0ffea4a468f233843917df3a) Importer(815301076,1909f56bfc062723c751e8b465ee728b)  -> (artifact id: 'eb530bab6d379e37913f57f358a212b1') in 1.861211 seconds
  Import took 2.011631 seconds .

========================================================================
Received Import Request.
  Time since last request: 0.030630 seconds.
  path: Assets/Lobby/ImageForView
  artifactKey: Guid(0057da13db815b246827767b1ee213de) Importer(815301076,1909f56bfc062723c751e8b465ee728b)
Start importing Assets/Lobby/ImageForView using Guid(0057da13db815b246827767b1ee213de) Importer(815301076,1909f56bfc062723c751e8b465ee728b)  -> (artifact id: '27080c23aea9de21d74137cd3b744863') in 0.039460 seconds
  Import took 0.163048 seconds .

========================================================================
Received Prepare
Registering precompiled user dll's ...
Registered in 0.076896 seconds.
Begin MonoManager ReloadAssembly
Native extension for WindowsStandalone target not found
Refreshing native plugins compatible for Editor in 0.95 ms, found 3 plugins.
Preloading 0 native plugins for Editor in 0.00 ms.
Mono: successfully reloaded assembly
- Completed reload, in  5.064 seconds
Platform modules already initialized, skipping
Refreshing native plugins compatible for Editor in 2.46 ms, found 3 plugins.
Preloading 0 native plugins for Editor in 0.00 ms.
Unloading 2128 Unused Serialized files (Serialized files now loaded: 0)
System memory in use before: 98.3 MB.
System memory in use after: 98.3 MB.

Unloading 23 unused Assets to reduce memory usage. Loaded Objects now: 2626.
Total: 8.289284 ms (FindLiveObjects: 1.110358 ms CreateObjectMapping: 0.402091 ms MarkObjects: 6.389422 ms  DeleteObjects: 0.385024 ms)

========================================================================
Received Import Request.
  Time since last request: 718.170452 seconds.
  path: Assets/Lobby/ImageForView/5x5.png
  artifactKey: Guid(97d81ce4549dc5049ac111b7a77ce891) Importer(815301076,1909f56bfc062723c751e8b465ee728b)
Start importing Assets/Lobby/ImageForView/5x5.png using Guid(97d81ce4549dc5049ac111b7a77ce891) Importer(815301076,1909f56bfc062723c751e8b465ee728b)  -> (artifact id: 'ad397e56d7da6482a42dba7183403d3e') in 3.557498 seconds
  Import took 3.566725 seconds .

========================================================================
Received Import Request.
  Time since last request: 0.000278 seconds.
  path: Assets/Lobby/ImageForView/4x4.png
  artifactKey: Guid(dbe6d03d6ef76c04c8b5a702fee94090) Importer(815301076,1909f56bfc062723c751e8b465ee728b)
Start importing Assets/Lobby/ImageForView/4x4.png using Guid(dbe6d03d6ef76c04c8b5a702fee94090) Importer(815301076,1909f56bfc062723c751e8b465ee728b)  -> (artifact id: 'bb7e15a456895e6a43bf6a95d4b64d2a') in 0.088442 seconds
  Import took 0.093664 seconds .

========================================================================
Received Prepare
Registering precompiled user dll's ...
Registered in 0.039305 seconds.
Begin MonoManager ReloadAssembly
Native extension for WindowsStandalone target not found
Refreshing native plugins compatible for Editor in 0.65 ms, found 3 plugins.
Preloading 0 native plugins for Editor in 0.00 ms.
Mono: successfully reloaded assembly
- Completed reload, in  3.422 seconds
Platform modules already initialized, skipping
Refreshing native plugins compatible for Editor in 2.34 ms, found 3 plugins.
Preloading 0 native plugins for Editor in 0.00 ms.
Unloading 2128 Unused Serialized files (Serialized files now loaded: 0)
System memory in use before: 98.4 MB.
System memory in use after: 98.3 MB.

Unloading 23 unused Assets to reduce memory usage. Loaded Objects now: 2631.
Total: 6.954329 ms (FindLiveObjects: 0.315733 ms CreateObjectMapping: 0.122197 ms MarkObjects: 6.338222 ms  DeleteObjects: 0.176128 ms)

========================================================================
Received Import Request.
  Time since last request: 409.971734 seconds.
  path: Assets/Lobby/ImageForView/6x6.png
  artifactKey: Guid(8b6abc4fbcae08c46b0de89e4e60ed9d) Importer(815301076,1909f56bfc062723c751e8b465ee728b)
Start importing Assets/Lobby/ImageForView/6x6.png using Guid(8b6abc4fbcae08c46b0de89e4e60ed9d) Importer(815301076,1909f56bfc062723c751e8b465ee728b)  -> (artifact id: '28cf45ee26fae537f5ec26371b5a4df2') in 0.486603 seconds
  Import took 0.502027 seconds .

========================================================================
Received Import Request.
  Time since last request: 0.001178 seconds.
  path: Assets/Lobby/ImageForView/7x7.png
  artifactKey: Guid(363f11efe175bac4ca9c781c0c7cd5b3) Importer(815301076,1909f56bfc062723c751e8b465ee728b)
Start importing Assets/Lobby/ImageForView/7x7.png using Guid(363f11efe175bac4ca9c781c0c7cd5b3) Importer(815301076,1909f56bfc062723c751e8b465ee728b)  -> (artifact id: '2b075c00aeb0cfe3358e87ee9a1e31c0') in 0.138698 seconds
  Import took 0.146312 seconds .

========================================================================
Received Import Request.
  Time since last request: 0.317152 seconds.
  path: Assets/Lobby/ImageForView/7x7.png
  artifactKey: Guid(363f11efe175bac4ca9c781c0c7cd5b3) Importer(815301076,1909f56bfc062723c751e8b465ee728b)
Start importing Assets/Lobby/ImageForView/7x7.png using Guid(363f11efe175bac4ca9c781c0c7cd5b3) Importer(815301076,1909f56bfc062723c751e8b465ee728b)  -> (artifact id: '2b075c00aeb0cfe3358e87ee9a1e31c0') in 0.034465 seconds
  Import took 0.060060 seconds .

========================================================================
Received Prepare
Registering precompiled user dll's ...
Registered in 0.077589 seconds.
Begin MonoManager ReloadAssembly
Native extension for WindowsStandalone target not found
Refreshing native plugins compatible for Editor in 0.75 ms, found 3 plugins.
Preloading 0 native plugins for Editor in 0.00 ms.
Mono: successfully reloaded assembly
- Completed reload, in  2.709 seconds
Platform modules already initialized, skipping
Refreshing native plugins compatible for Editor in 2.32 ms, found 3 plugins.
Preloading 0 native plugins for Editor in 0.00 ms.
Unloading 2128 Unused Serialized files (Serialized files now loaded: 0)
System memory in use before: 98.4 MB.
System memory in use after: 98.4 MB.

Unloading 23 unused Assets to reduce memory usage. Loaded Objects now: 2636.
Total: 5.651800 ms (FindLiveObjects: 0.332459 ms CreateObjectMapping: 0.100693 ms MarkObjects: 4.993027 ms  DeleteObjects: 0.223915 ms)

========================================================================
Received Import Request.
  Time since last request: 160.540337 seconds.
  path: Assets/Lobby/ImageForView/8x8.png
  artifactKey: Guid(a53b73dc46ed4f3459ed6feda7e58a7b) Importer(815301076,1909f56bfc062723c751e8b465ee728b)
Start importing Assets/Lobby/ImageForView/8x8.png using Guid(a53b73dc46ed4f3459ed6feda7e58a7b) Importer(815301076,1909f56bfc062723c751e8b465ee728b)  -> (artifact id: '6eaaebb5773f50b164c09e0deba449aa') in 0.157460 seconds
  Import took 0.162611 seconds .

========================================================================
Received Prepare
Registering precompiled user dll's ...
Registered in 0.005360 seconds.
Begin MonoManager ReloadAssembly
Native extension for WindowsStandalone target not found
Refreshing native plugins compatible for Editor in 0.66 ms, found 3 plugins.
Preloading 0 native plugins for Editor in 0.00 ms.
Mono: successfully reloaded assembly
- Completed reload, in  2.117 seconds
Platform modules already initialized, skipping
Refreshing native plugins compatible for Editor in 0.78 ms, found 3 plugins.
Preloading 0 native plugins for Editor in 0.00 ms.
Unloading 2128 Unused Serialized files (Serialized files now loaded: 0)
System memory in use before: 98.4 MB.
System memory in use after: 98.4 MB.

Unloading 23 unused Assets to reduce memory usage. Loaded Objects now: 2641.
Total: 4.732930 ms (FindLiveObjects: 0.653995 ms CreateObjectMapping: 0.169301 ms MarkObjects: 3.752621 ms  DeleteObjects: 0.154283 ms)

========================================================================
Received Prepare
Registering precompiled user dll's ...
Registered in 0.004749 seconds.
Begin MonoManager ReloadAssembly
Native extension for WindowsStandalone target not found
Refreshing native plugins compatible for Editor in 0.67 ms, found 3 plugins.
Preloading 0 native plugins for Editor in 0.00 ms.
Mono: successfully reloaded assembly
- Completed reload, in  1.768 seconds
Platform modules already initialized, skipping
Refreshing native plugins compatible for Editor in 0.78 ms, found 3 plugins.
Preloading 0 native plugins for Editor in 0.00 ms.
Unloading 2128 Unused Serialized files (Serialized files now loaded: 0)
System memory in use before: 98.4 MB.
System memory in use after: 98.4 MB.

Unloading 23 unused Assets to reduce memory usage. Loaded Objects now: 2645.
Total: 10.664283 ms (FindLiveObjects: 2.401964 ms CreateObjectMapping: 2.037078 ms MarkObjects: 5.996547 ms  DeleteObjects: 0.226304 ms)

========================================================================
Received Prepare
Registering precompiled user dll's ...
Registered in 0.007918 seconds.
Begin MonoManager ReloadAssembly
Native extension for WindowsStandalone target not found
Refreshing native plugins compatible for Editor in 0.71 ms, found 3 plugins.
Preloading 0 native plugins for Editor in 0.00 ms.
Mono: successfully reloaded assembly
- Completed reload, in  1.787 seconds
Platform modules already initialized, skipping
Refreshing native plugins compatible for Editor in 0.76 ms, found 3 plugins.
Preloading 0 native plugins for Editor in 0.00 ms.
Unloading 2128 Unused Serialized files (Serialized files now loaded: 0)
System memory in use before: 98.4 MB.
System memory in use after: 98.4 MB.

Unloading 23 unused Assets to reduce memory usage. Loaded Objects now: 2649.
Total: 5.648046 ms (FindLiveObjects: 0.580608 ms CreateObjectMapping: 0.166229 ms MarkObjects: 4.648621 ms  DeleteObjects: 0.249856 ms)

========================================================================
Received Prepare
Registering precompiled user dll's ...
Registered in 0.004908 seconds.
Begin MonoManager ReloadAssembly
Native extension for WindowsStandalone target not found
Refreshing native plugins compatible for Editor in 0.72 ms, found 3 plugins.
Preloading 0 native plugins for Editor in 0.00 ms.
Mono: successfully reloaded assembly
- Completed reload, in  1.884 seconds
Platform modules already initialized, skipping
Refreshing native plugins compatible for Editor in 1.68 ms, found 3 plugins.
Preloading 0 native plugins for Editor in 0.00 ms.
Unloading 2128 Unused Serialized files (Serialized files now loaded: 0)
System memory in use before: 98.4 MB.
System memory in use after: 98.4 MB.

Unloading 23 unused Assets to reduce memory usage. Loaded Objects now: 2653.
Total: 4.076205 ms (FindLiveObjects: 0.342358 ms CreateObjectMapping: 0.096256 ms MarkObjects: 3.432450 ms  DeleteObjects: 0.203093 ms)

========================================================================
Received Prepare
Registering precompiled user dll's ...
Registered in 2.308014 seconds.
Begin MonoManager ReloadAssembly
Native extension for WindowsStandalone target not found
Refreshing native plugins compatible for Editor in 0.71 ms, found 3 plugins.
Preloading 0 native plugins for Editor in 0.00 ms.
Mono: successfully reloaded assembly
- Completed reload, in  3.076 seconds
Platform modules already initialized, skipping
Refreshing native plugins compatible for Editor in 1.05 ms, found 3 plugins.
Preloading 0 native plugins for Editor in 0.00 ms.
Unloading 2128 Unused Serialized files (Serialized files now loaded: 0)
System memory in use before: 98.4 MB.
System memory in use after: 98.4 MB.

Unloading 23 unused Assets to reduce memory usage. Loaded Objects now: 2657.
Total: 4.664322 ms (FindLiveObjects: 0.570368 ms CreateObjectMapping: 0.233813 ms MarkObjects: 3.697666 ms  DeleteObjects: 0.159744 ms)

========================================================================
Received Prepare
Registering precompiled user dll's ...
Registered in 0.080965 seconds.
Begin MonoManager ReloadAssembly
Native extension for WindowsStandalone target not found
Refreshing native plugins compatible for Editor in 1.54 ms, found 3 plugins.
Preloading 0 native plugins for Editor in 0.00 ms.
Mono: successfully reloaded assembly
- Completed reload, in  1.814 seconds
Platform modules already initialized, skipping
Refreshing native plugins compatible for Editor in 0.66 ms, found 3 plugins.
Preloading 0 native plugins for Editor in 0.00 ms.
Unloading 2128 Unused Serialized files (Serialized files now loaded: 0)
System memory in use before: 98.4 MB.
System memory in use after: 98.4 MB.

Unloading 23 unused Assets to reduce memory usage. Loaded Objects now: 2661.
Total: 4.314797 ms (FindLiveObjects: 0.320512 ms CreateObjectMapping: 0.120149 ms MarkObjects: 3.715415 ms  DeleteObjects: 0.156672 ms)

========================================================================
Received Prepare
Registering precompiled user dll's ...
Registered in 0.029359 seconds.
Begin MonoManager ReloadAssembly
Native extension for WindowsStandalone target not found
Refreshing native plugins compatible for Editor in 3.32 ms, found 3 plugins.
Preloading 0 native plugins for Editor in 0.00 ms.
Mono: successfully reloaded assembly
- Completed reload, in  4.339 seconds
Platform modules already initialized, skipping
Refreshing native plugins compatible for Editor in 2.25 ms, found 3 plugins.
Preloading 0 native plugins for Editor in 0.00 ms.
Unloading 2128 Unused Serialized files (Serialized files now loaded: 0)
System memory in use before: 98.4 MB.
System memory in use after: 98.4 MB.

Unloading 23 unused Assets to reduce memory usage. Loaded Objects now: 2665.
Total: 16.150195 ms (FindLiveObjects: 0.512683 ms CreateObjectMapping: 0.898731 ms MarkObjects: 14.461277 ms  DeleteObjects: 0.274091 ms)

========================================================================
Received Prepare
Registering precompiled user dll's ...
Registered in 0.007090 seconds.
Begin MonoManager ReloadAssembly
Native extension for WindowsStandalone target not found
Refreshing native plugins compatible for Editor in 0.73 ms, found 3 plugins.
Preloading 0 native plugins for Editor in 0.00 ms.
Mono: successfully reloaded assembly
- Completed reload, in  1.631 seconds
Platform modules already initialized, skipping
Refreshing native plugins compatible for Editor in 0.73 ms, found 3 plugins.
Preloading 0 native plugins for Editor in 0.00 ms.
Unloading 2128 Unused Serialized files (Serialized files now loaded: 0)
System memory in use before: 98.5 MB.
System memory in use after: 98.4 MB.

Unloading 23 unused Assets to reduce memory usage. Loaded Objects now: 2669.
Total: 3.818498 ms (FindLiveObjects: 0.331776 ms CreateObjectMapping: 0.112640 ms MarkObjects: 3.054594 ms  DeleteObjects: 0.317781 ms)

========================================================================
Received Prepare
Registering precompiled user dll's ...
Registered in 0.066099 seconds.
Begin MonoManager ReloadAssembly
Native extension for WindowsStandalone target not found
Refreshing native plugins compatible for Editor in 5.03 ms, found 3 plugins.
Preloading 0 native plugins for Editor in 0.00 ms.
Mono: successfully reloaded assembly
- Completed reload, in  6.698 seconds
Platform modules already initialized, skipping
Refreshing native plugins compatible for Editor in 0.98 ms, found 3 plugins.
Preloading 0 native plugins for Editor in 0.00 ms.
Unloading 2128 Unused Serialized files (Serialized files now loaded: 0)
System memory in use before: 98.5 MB.
System memory in use after: 98.4 MB.

Unloading 23 unused Assets to reduce memory usage. Loaded Objects now: 2673.
Total: 29.508623 ms (FindLiveObjects: 0.340992 ms CreateObjectMapping: 1.014443 ms MarkObjects: 27.990372 ms  DeleteObjects: 0.160768 ms)

========================================================================
Received Prepare
Registering precompiled user dll's ...
Registered in 0.004501 seconds.
Begin MonoManager ReloadAssembly
Native extension for WindowsStandalone target not found
Refreshing native plugins compatible for Editor in 0.66 ms, found 3 plugins.
Preloading 0 native plugins for Editor in 0.00 ms.
Mono: successfully reloaded assembly
- Completed reload, in  1.433 seconds
Platform modules already initialized, skipping
Refreshing native plugins compatible for Editor in 0.66 ms, found 3 plugins.
Preloading 0 native plugins for Editor in 0.00 ms.
Unloading 2128 Unused Serialized files (Serialized files now loaded: 0)
System memory in use before: 98.5 MB.
System memory in use after: 98.5 MB.

Unloading 23 unused Assets to reduce memory usage. Loaded Objects now: 2677.
Total: 3.824642 ms (FindLiveObjects: 0.324267 ms CreateObjectMapping: 0.114005 ms MarkObjects: 3.210924 ms  DeleteObjects: 0.173739 ms)

========================================================================
Received Import Request.
  Time since last request: 1720.036832 seconds.
  path: Assets/Scenes/Lobby.unity
  artifactKey: Guid(d5912783440ffcc4ebbfb9f3dce96054) Importer(815301076,1909f56bfc062723c751e8b465ee728b)
Start importing Assets/Scenes/Lobby.unity using Guid(d5912783440ffcc4ebbfb9f3dce96054) Importer(815301076,1909f56bfc062723c751e8b465ee728b)  -> (artifact id: '45e68e851e7c3821cfdfdf4679b509b4') in 0.048219 seconds
  Import took 0.097146 seconds .

========================================================================
Received Prepare
Registering precompiled user dll's ...
Registered in 0.009045 seconds.
Begin MonoManager ReloadAssembly
Native extension for WindowsStandalone target not found
Refreshing native plugins compatible for Editor in 0.70 ms, found 3 plugins.
Preloading 0 native plugins for Editor in 0.00 ms.
Mono: successfully reloaded assembly
- Completed reload, in  1.439 seconds
Platform modules already initialized, skipping
Refreshing native plugins compatible for Editor in 0.65 ms, found 3 plugins.
Preloading 0 native plugins for Editor in 0.00 ms.
Unloading 2128 Unused Serialized files (Serialized files now loaded: 0)
System memory in use before: 98.5 MB.
System memory in use after: 98.5 MB.

Unloading 23 unused Assets to reduce memory usage. Loaded Objects now: 2681.
Total: 11.295067 ms (FindLiveObjects: 0.359083 ms CreateObjectMapping: 0.129365 ms MarkObjects: 10.653360 ms  DeleteObjects: 0.151552 ms)

========================================================================
Received Prepare
Registering precompiled user dll's ...
Registered in 0.007339 seconds.
Begin MonoManager ReloadAssembly
Native extension for WindowsStandalone target not found
Refreshing native plugins compatible for Editor in 0.71 ms, found 3 plugins.
Preloading 0 native plugins for Editor in 0.00 ms.
Mono: successfully reloaded assembly
- Completed reload, in  1.452 seconds
Platform modules already initialized, skipping
Refreshing native plugins compatible for Editor in 0.69 ms, found 3 plugins.
Preloading 0 native plugins for Editor in 0.00 ms.
Unloading 2128 Unused Serialized files (Serialized files now loaded: 0)
System memory in use before: 98.5 MB.
System memory in use after: 98.5 MB.

Unloading 23 unused Assets to reduce memory usage. Loaded Objects now: 2685.
Total: 4.312408 ms (FindLiveObjects: 0.355670 ms CreateObjectMapping: 0.165205 ms MarkObjects: 3.606871 ms  DeleteObjects: 0.182955 ms)

========================================================================
Received Prepare
Registering precompiled user dll's ...
Registered in 0.004667 seconds.
Begin MonoManager ReloadAssembly
Native extension for WindowsStandalone target not found
Refreshing native plugins compatible for Editor in 1.02 ms, found 3 plugins.
Preloading 0 native plugins for Editor in 0.00 ms.
Mono: successfully reloaded assembly
- Completed reload, in  1.854 seconds
Platform modules already initialized, skipping
Switching build target platform(19) subTarget(0) extendedPlatform(0) -> platform(13) subTarget(537395200) extendedPlatform(0)
Refreshing native plugins compatible for Editor in 0.68 ms, found 3 plugins.
Preloading 0 native plugins for Editor in 0.00 ms.
Unloading 2132 Unused Serialized files (Serialized files now loaded: 0)
System memory in use before: 98.4 MB.
System memory in use after: 98.4 MB.

Unloading 23 unused Assets to reduce memory usage. Loaded Objects now: 2689.
Total: 3.855703 ms (FindLiveObjects: 0.352939 ms CreateObjectMapping: 0.191147 ms MarkObjects: 3.146754 ms  DeleteObjects: 0.162475 ms)

AssetImportParameters requested are different than current active one (requested -> active):
  custom:graphics/normal-map-encoding: 01000000000000000000000000000000 -> 02000000000000000000000000000000
========================================================================
Received Prepare
Refreshing native plugins compatible for Editor in 5.27 ms, found 3 plugins.
Preloading 0 native plugins for Editor in 0.00 ms.
Unloading 21 Unused Serialized files (Serialized files now loaded: 0)
System memory in use before: 56.7 MB.
System memory in use after: 56.7 MB.

Unloading 21 unused Assets to reduce memory usage. Loaded Objects now: 2689.
Total: 3.879597 ms (FindLiveObjects: 0.332118 ms CreateObjectMapping: 0.139947 ms MarkObjects: 3.253591 ms  DeleteObjects: 0.151893 ms)

========================================================================
Received Prepare
Refreshing native plugins compatible for Editor in 4.66 ms, found 3 plugins.
Preloading 0 native plugins for Editor in 0.00 ms.
Unloading 21 Unused Serialized files (Serialized files now loaded: 0)
System memory in use before: 56.7 MB.
System memory in use after: 56.7 MB.

Unloading 21 unused Assets to reduce memory usage. Loaded Objects now: 2689.
Total: 4.206935 ms (FindLiveObjects: 0.374784 ms CreateObjectMapping: 0.216747 ms MarkObjects: 3.464535 ms  DeleteObjects: 0.149504 ms)

========================================================================
Received Prepare
Registering precompiled user dll's ...
Registered in 0.319392 seconds.
Begin MonoManager ReloadAssembly
Native extension for WindowsStandalone target not found
Refreshing native plugins compatible for Editor in 0.77 ms, found 3 plugins.
Preloading 0 native plugins for Editor in 0.00 ms.
Mono: successfully reloaded assembly
- Completed reload, in  2.843 seconds
Platform modules already initialized, skipping
Switching build target platform(19) subTarget(0) extendedPlatform(0) -> platform(13) subTarget(537395200) extendedPlatform(0)
Refreshing native plugins compatible for Editor in 0.70 ms, found 3 plugins.
Preloading 0 native plugins for Editor in 0.00 ms.
Unloading 2132 Unused Serialized files (Serialized files now loaded: 0)
System memory in use before: 98.4 MB.
System memory in use after: 98.4 MB.

Unloading 23 unused Assets to reduce memory usage. Loaded Objects now: 2693.
Total: 4.463277 ms (FindLiveObjects: 0.368640 ms CreateObjectMapping: 0.132437 ms MarkObjects: 3.615405 ms  DeleteObjects: 0.345088 ms)

AssetImportParameters requested are different than current active one (requested -> active):
  custom:graphics/normal-map-encoding: 01000000000000000000000000000000 -> 02000000000000000000000000000000
========================================================================
Received Prepare
Registering precompiled user dll's ...
Registered in 0.005779 seconds.
Begin MonoManager ReloadAssembly
Native extension for WindowsStandalone target not found
Refreshing native plugins compatible for Editor in 0.67 ms, found 3 plugins.
Preloading 0 native plugins for Editor in 0.00 ms.
Mono: successfully reloaded assembly
- Completed reload, in  3.653 seconds
Platform modules already initialized, skipping
Switching build target platform(19) subTarget(0) extendedPlatform(0) -> platform(13) subTarget(537395200) extendedPlatform(0)
Refreshing native plugins compatible for Editor in 0.64 ms, found 3 plugins.
Preloading 0 native plugins for Editor in 0.00 ms.
Unloading 2132 Unused Serialized files (Serialized files now loaded: 0)
System memory in use before: 98.4 MB.
System memory in use after: 98.4 MB.

Unloading 23 unused Assets to reduce memory usage. Loaded Objects now: 2697.
Total: 3.870039 ms (FindLiveObjects: 0.363862 ms CreateObjectMapping: 0.123221 ms MarkObjects: 3.224578 ms  DeleteObjects: 0.155989 ms)

AssetImportParameters requested are different than current active one (requested -> active):
  custom:graphics/normal-map-encoding: 01000000000000000000000000000000 -> 02000000000000000000000000000000
========================================================================
Received Prepare
Registering precompiled user dll's ...
Registered in 0.035509 seconds.
Begin MonoManager ReloadAssembly
Native extension for WindowsStandalone target not found
Refreshing native plugins compatible for Editor in 1.35 ms, found 3 plugins.
Preloading 0 native plugins for Editor in 0.00 ms.
Mono: successfully reloaded assembly
- Completed reload, in  2.384 seconds
Platform modules already initialized, skipping
Switching build target platform(19) subTarget(0) extendedPlatform(0) -> platform(13) subTarget(537395200) extendedPlatform(0)
Refreshing native plugins compatible for Editor in 0.70 ms, found 3 plugins.
Preloading 0 native plugins for Editor in 0.00 ms.
Unloading 2132 Unused Serialized files (Serialized files now loaded: 0)
System memory in use before: 98.5 MB.
System memory in use after: 98.5 MB.

Unloading 23 unused Assets to reduce memory usage. Loaded Objects now: 2701.
Total: 3.723266 ms (FindLiveObjects: 0.383659 ms CreateObjectMapping: 0.150869 ms MarkObjects: 3.031724 ms  DeleteObjects: 0.155648 ms)

AssetImportParameters requested are different than current active one (requested -> active):
  custom:graphics/normal-map-encoding: 01000000000000000000000000000000 -> 02000000000000000000000000000000
========================================================================
Received Prepare
Registering precompiled user dll's ...
Registered in 0.005097 seconds.
Begin MonoManager ReloadAssembly
Native extension for WindowsStandalone target not found
Refreshing native plugins compatible for Editor in 0.65 ms, found 3 plugins.
Preloading 0 native plugins for Editor in 0.00 ms.
Mono: successfully reloaded assembly
- Completed reload, in  1.768 seconds
Platform modules already initialized, skipping
Switching build target platform(19) subTarget(0) extendedPlatform(0) -> platform(13) subTarget(537395200) extendedPlatform(0)
Refreshing native plugins compatible for Editor in 0.64 ms, found 3 plugins.
Preloading 0 native plugins for Editor in 0.00 ms.
Unloading 2132 Unused Serialized files (Serialized files now loaded: 0)
System memory in use before: 98.5 MB.
System memory in use after: 98.5 MB.

Unloading 23 unused Assets to reduce memory usage. Loaded Objects now: 2705.
Total: 3.989847 ms (FindLiveObjects: 0.404139 ms CreateObjectMapping: 0.163157 ms MarkObjects: 3.263831 ms  DeleteObjects: 0.156331 ms)

AssetImportParameters requested are different than current active one (requested -> active):
  custom:graphics/normal-map-encoding: 01000000000000000000000000000000 -> 02000000000000000000000000000000
========================================================================
Received Import Request.
  Time since last request: 3563.524998 seconds.
  path: Assets/Lobby/ImageForView/3x3.png
  artifactKey: Guid(7ef71f5c0ffea4a468f233843917df3a) Importer(815301076,1909f56bfc062723c751e8b465ee728b)
Start importing Assets/Lobby/ImageForView/3x3.png using Guid(7ef71f5c0ffea4a468f233843917df3a) Importer(815301076,1909f56bfc062723c751e8b465ee728b)  -> (artifact id: '88f8a5f12816acf9b0d9072c4e0f2ca1') in 1.744725 seconds
  Import took 1.753047 seconds .

========================================================================
Received Import Request.
  Time since last request: 0.037242 seconds.
  path: Assets/Lobby/ImageForView/5x5.png
  artifactKey: Guid(97d81ce4549dc5049ac111b7a77ce891) Importer(815301076,1909f56bfc062723c751e8b465ee728b)
Start importing Assets/Lobby/ImageForView/5x5.png using Guid(97d81ce4549dc5049ac111b7a77ce891) Importer(815301076,1909f56bfc062723c751e8b465ee728b)  -> (artifact id: '8419dd792d876686a2293ff0f6400e2f') in 0.302163 seconds
  Import took 0.307852 seconds .

========================================================================
Received Import Request.
  Time since last request: 0.000224 seconds.
  path: Assets/TextMesh Pro/Examples & Extras/Textures/Brushed Metal 3.jpg
  artifactKey: Guid(f88677df267a41d6be1e7a6133e7d227) Importer(815301076,1909f56bfc062723c751e8b465ee728b)
Start importing Assets/TextMesh Pro/Examples & Extras/Textures/Brushed Metal 3.jpg using Guid(f88677df267a41d6be1e7a6133e7d227) Importer(815301076,1909f56bfc062723c751e8b465ee728b)  -> (artifact id: '76a85280b0a2d59c0d0799c8d8009946') in 0.696458 seconds
  Import took 0.704673 seconds .

========================================================================
Received Import Request.
  Time since last request: 0.000049 seconds.
  path: Assets/TextMesh Pro/Examples & Extras/Sprites/Default Sprites.png
  artifactKey: Guid(a0fc465d6cf04254a2938578735e2383) Importer(815301076,1909f56bfc062723c751e8b465ee728b)
Start importing Assets/TextMesh Pro/Examples & Extras/Sprites/Default Sprites.png using Guid(a0fc465d6cf04254a2938578735e2383) Importer(815301076,1909f56bfc062723c751e8b465ee728b)  -> (artifact id: '6af63dcabf34cf1d53f62822727fcc5f') in 0.209921 seconds
  Import took 0.215339 seconds .

========================================================================
Received Import Request.
  Time since last request: 0.000220 seconds.
  path: Assets/Plugins/Demigiant/DOTween/Editor/Imgs/Footer.png
  artifactKey: Guid(7051dba417b3d53409f2918f1ea4938d) Importer(815301076,1909f56bfc062723c751e8b465ee728b)
Start importing Assets/Plugins/Demigiant/DOTween/Editor/Imgs/Footer.png using Guid(7051dba417b3d53409f2918f1ea4938d) Importer(815301076,1909f56bfc062723c751e8b465ee728b)  -> (artifact id: '72ca2b7601fd6fadfe8be931b1d8975c') in 0.102052 seconds
  Import took 0.108507 seconds .

========================================================================
Received Import Request.
  Time since last request: 0.000209 seconds.
  path: Assets/TextMesh Pro/Examples & Extras/Fonts/Oswald-Bold.ttf
  artifactKey: Guid(c9f6d0e7bc8541498c9a4799ba184ede) Importer(815301076,1909f56bfc062723c751e8b465ee728b)
Start importing Assets/TextMesh Pro/Examples & Extras/Fonts/Oswald-Bold.ttf using Guid(c9f6d0e7bc8541498c9a4799ba184ede) Importer(815301076,1909f56bfc062723c751e8b465ee728b)  -> (artifact id: '23477e902c11bfbcb536464f24199fdc') in 1.716324 seconds
  Import took 1.722972 seconds .

========================================================================
Received Import Request.
  Time since last request: 0.000218 seconds.
  path: Assets/Plugins/Demigiant/DOTween/Editor/Imgs/Header.jpg
  artifactKey: Guid(78a59ca99f8987941adb61f9e14a06a7) Importer(815301076,1909f56bfc062723c751e8b465ee728b)
Start importing Assets/Plugins/Demigiant/DOTween/Editor/Imgs/Header.jpg using Guid(78a59ca99f8987941adb61f9e14a06a7) Importer(815301076,1909f56bfc062723c751e8b465ee728b)  -> (artifact id: '0b60bce23dfa2423a099dabdc61da289') in 0.102321 seconds
  Import took 0.109181 seconds .

========================================================================
Received Import Request.
  Time since last request: 0.000052 seconds.
  path: Assets/TextMesh Pro/Examples & Extras/Textures/Mask Zig-n-Zag.psd
  artifactKey: Guid(bb8dfcd263ad4eb383a33d74a720be6f) Importer(815301076,1909f56bfc062723c751e8b465ee728b)
Start importing Assets/TextMesh Pro/Examples & Extras/Textures/Mask Zig-n-Zag.psd using Guid(bb8dfcd263ad4eb383a33d74a720be6f) Importer(815301076,1909f56bfc062723c751e8b465ee728b)  -> (artifact id: '44dbeac06e3097ac359264a820867b85') in 0.768782 seconds
  Import took 0.773266 seconds .

========================================================================
Received Import Request.
  Time since last request: 0.000237 seconds.
  path: Assets/TextMesh Pro/Examples & Extras/Textures/Small Crate_normal.jpg
  artifactKey: Guid(8878a782f4334ecbbcf683b3ac780966) Importer(815301076,1909f56bfc062723c751e8b465ee728b)
Start importing Assets/TextMesh Pro/Examples & Extras/Textures/Small Crate_normal.jpg using Guid(8878a782f4334ecbbcf683b3ac780966) Importer(815301076,1909f56bfc062723c751e8b465ee728b)  -> (artifact id: '94cc456f9ce928d31fc2039e6cc5a12a') in 0.103286 seconds
  Import took 0.110989 seconds .

========================================================================
Received Import Request.
  Time since last request: 0.000067 seconds.
  path: Assets/TextMesh Pro/Examples & Extras/Textures/Small Crate_diffuse.jpg
  artifactKey: Guid(602cb87b6a29443b8636370ea0751574) Importer(815301076,1909f56bfc062723c751e8b465ee728b)
Start importing Assets/TextMesh Pro/Examples & Extras/Textures/Small Crate_diffuse.jpg using Guid(602cb87b6a29443b8636370ea0751574) Importer(815301076,1909f56bfc062723c751e8b465ee728b)  -> (artifact id: 'f98d68151f1bfcfedf9e08d694a8b2b6') in 0.135559 seconds
  Import took 0.154644 seconds .

========================================================================
Received Import Request.
  Time since last request: 0.000180 seconds.
  path: Assets/TextMesh Pro/Examples & Extras/Textures/Wipe Pattern - Radial Quad.psd
  artifactKey: Guid(2b5e9ae96c5644d8bae932f8b4ca68a2) Importer(815301076,1909f56bfc062723c751e8b465ee728b)
Start importing Assets/TextMesh Pro/Examples & Extras/Textures/Wipe Pattern - Radial Quad.psd using Guid(2b5e9ae96c5644d8bae932f8b4ca68a2) Importer(815301076,1909f56bfc062723c751e8b465ee728b)  -> (artifact id: '3a1350d9eeaf4b816d630376b13cb9b1') in 0.077598 seconds
  Import took 0.085638 seconds .

========================================================================
Received Import Request.
  Time since last request: 0.000217 seconds.
  path: Assets/TextMesh Pro/Examples & Extras/Textures/Gradient Vertical (Color).jpg
  artifactKey: Guid(03d0538de6e24c0f819bfc9ce084dfa9) Importer(815301076,1909f56bfc062723c751e8b465ee728b)
Start importing Assets/TextMesh Pro/Examples & Extras/Textures/Gradient Vertical (Color).jpg using Guid(03d0538de6e24c0f819bfc9ce084dfa9) Importer(815301076,1909f56bfc062723c751e8b465ee728b)  -> (artifact id: 'd38ac8ad6caa00d27d256c4f086d6d54') in 0.129532 seconds
  Import took 0.135153 seconds .

========================================================================
Received Import Request.
  Time since last request: 0.000213 seconds.
  path: Assets/TextMesh Pro/Examples & Extras/Textures/Wipe Pattern - Circle.psd
  artifactKey: Guid(10c49fcd9c64421db7c0133e61e55f97) Importer(815301076,1909f56bfc062723c751e8b465ee728b)
Start importing Assets/TextMesh Pro/Examples & Extras/Textures/Wipe Pattern - Circle.psd using Guid(10c49fcd9c64421db7c0133e61e55f97) Importer(815301076,1909f56bfc062723c751e8b465ee728b)  -> (artifact id: '31c00d6cabb59a8d1a1cb9776eee6de7') in 0.073535 seconds
  Import took 0.079469 seconds .

========================================================================
Received Import Request.
  Time since last request: 0.000048 seconds.
  path: Assets/TextMesh Pro/Examples & Extras/Fonts/Roboto-Bold.ttf
  artifactKey: Guid(4beb055f07aaff244873dec698d0363e) Importer(815301076,1909f56bfc062723c751e8b465ee728b)
Start importing Assets/TextMesh Pro/Examples & Extras/Fonts/Roboto-Bold.ttf using Guid(4beb055f07aaff244873dec698d0363e) Importer(815301076,1909f56bfc062723c751e8b465ee728b)  -> (artifact id: '561a4b85d3e556b451d5fbd4c62ae833') in 0.066266 seconds
  Import took 0.077970 seconds .

========================================================================
Received Import Request.
  Time since last request: 0.000229 seconds.
  path: Assets/9-Sliced.png
  artifactKey: Guid(456069c4f33a0d64aa57d6b1b07b3504) Importer(815301076,1909f56bfc062723c751e8b465ee728b)
Start importing Assets/9-Sliced.png using Guid(456069c4f33a0d64aa57d6b1b07b3504) Importer(815301076,1909f56bfc062723c751e8b465ee728b)  -> (artifact id: 'de3c3d15e75ef1cce92403aef3045fa0') in 0.093124 seconds
  Import took 0.097882 seconds .

========================================================================
Received Import Request.
  Time since last request: 0.000213 seconds.
  path: Assets/TextMesh Pro/Examples & Extras/Textures/Gradient Horizontal (Color).jpg
  artifactKey: Guid(6eb184de103d4b3f812b38561065192f) Importer(815301076,1909f56bfc062723c751e8b465ee728b)
Start importing Assets/TextMesh Pro/Examples & Extras/Textures/Gradient Horizontal (Color).jpg using Guid(6eb184de103d4b3f812b38561065192f) Importer(815301076,1909f56bfc062723c751e8b465ee728b)  -> (artifact id: 'f292b99cd180a865cc4423a0802b42b8') in 0.141031 seconds
  Import took 0.147159 seconds .

========================================================================
Received Import Request.
  Time since last request: 0.000271 seconds.
  path: Assets/TextMesh Pro/Examples & Extras/Textures/Gradient Diagonal (Color).jpg
  artifactKey: Guid(2ce5c55e85304b819a1826ecbc839aa5) Importer(815301076,1909f56bfc062723c751e8b465ee728b)
Start importing Assets/TextMesh Pro/Examples & Extras/Textures/Gradient Diagonal (Color).jpg using Guid(2ce5c55e85304b819a1826ecbc839aa5) Importer(815301076,1909f56bfc062723c751e8b465ee728b)  -> (artifact id: '57932cd29febca8d577fa4c272cb69bc') in 0.128611 seconds
  Import took 0.134405 seconds .

========================================================================
Received Import Request.
  Time since last request: 0.000240 seconds.
  path: Assets/TextMesh Pro/Examples & Extras/Textures/Text Overflow - Linked Text Image 1.png
  artifactKey: Guid(4ccf43d26c4748c792174516f4a8fcef) Importer(815301076,1909f56bfc062723c751e8b465ee728b)
Start importing Assets/TextMesh Pro/Examples & Extras/Textures/Text Overflow - Linked Text Image 1.png using Guid(4ccf43d26c4748c792174516f4a8fcef) Importer(815301076,1909f56bfc062723c751e8b465ee728b)  -> (artifact id: 'ebcbd8efa9216817268cce978a625630') in 0.069285 seconds
  Import took 0.073949 seconds .

========================================================================
Received Import Request.
  Time since last request: 0.000254 seconds.
  path: Assets/TextMesh Pro/Examples & Extras/Textures/Sunny Days - Seamless.jpg
  artifactKey: Guid(17c350171f7a3ca479f830547c66d187) Importer(815301076,1909f56bfc062723c751e8b465ee728b)
Start importing Assets/TextMesh Pro/Examples & Extras/Textures/Sunny Days - Seamless.jpg using Guid(17c350171f7a3ca479f830547c66d187) Importer(815301076,1909f56bfc062723c751e8b465ee728b)  -> (artifact id: '8b2b65b8f8d899d87f8db365d06acc7d') in 0.048250 seconds
  Import took 0.054260 seconds .

========================================================================
Received Import Request.
  Time since last request: 0.000437 seconds.
  path: Assets/Plugins/Demigiant/DOTween/Editor/Imgs/Footer_dark.png
  artifactKey: Guid(519694efe2bb2914788b151fbd8c01f4) Importer(815301076,1909f56bfc062723c751e8b465ee728b)
Start importing Assets/Plugins/Demigiant/DOTween/Editor/Imgs/Footer_dark.png using Guid(519694efe2bb2914788b151fbd8c01f4) Importer(815301076,1909f56bfc062723c751e8b465ee728b)  -> (artifact id: '70c47cc9a6a2802a6f8f1f9b639f90ef') in 0.081695 seconds
  Import took 0.104430 seconds .

========================================================================
Received Import Request.
  Time since last request: 0.000216 seconds.
  path: Assets/TextMesh Pro/Examples & Extras/Sprites/DropCap Numbers.psd
  artifactKey: Guid(fd09957580ac4326916010f1f260975b) Importer(815301076,1909f56bfc062723c751e8b465ee728b)
Start importing Assets/TextMesh Pro/Examples & Extras/Sprites/DropCap Numbers.psd using Guid(fd09957580ac4326916010f1f260975b) Importer(815301076,1909f56bfc062723c751e8b465ee728b)  -> (artifact id: '8d204d242d28c9b86e188f8b975981a7') in 0.064384 seconds
  Import took 0.069131 seconds .

========================================================================
Received Import Request.
  Time since last request: 0.000295 seconds.
  path: Assets/TextMesh Pro/Examples & Extras/Textures/Wipe Pattern - Diagonal.psd
  artifactKey: Guid(ed5290d8df18488780e2996b9b882f01) Importer(815301076,1909f56bfc062723c751e8b465ee728b)
Start importing Assets/TextMesh Pro/Examples & Extras/Textures/Wipe Pattern - Diagonal.psd using Guid(ed5290d8df18488780e2996b9b882f01) Importer(815301076,1909f56bfc062723c751e8b465ee728b)  -> (artifact id: '50e115b8ebe570934fa70a2dbd4bf429') in 0.051139 seconds
  Import took 0.057486 seconds .

========================================================================
Received Import Request.
  Time since last request: 0.000258 seconds.
  path: Assets/Plugins/Demigiant/DOTween/Editor/Imgs/DOTweenIcon.png
  artifactKey: Guid(8da095e39e9b4df488dfd436f81116d6) Importer(815301076,1909f56bfc062723c751e8b465ee728b)
Start importing Assets/Plugins/Demigiant/DOTween/Editor/Imgs/DOTweenIcon.png using Guid(8da095e39e9b4df488dfd436f81116d6) Importer(815301076,1909f56bfc062723c751e8b465ee728b)  -> (artifact id: '966422e6960c843af5f3403db73d6d33') in 0.065760 seconds
  Import took 0.072513 seconds .

========================================================================
Received Import Request.
  Time since last request: 0.000047 seconds.
  path: Assets/Lobby/ImageForView/6x6.png
  artifactKey: Guid(8b6abc4fbcae08c46b0de89e4e60ed9d) Importer(815301076,1909f56bfc062723c751e8b465ee728b)
Start importing Assets/Lobby/ImageForView/6x6.png using Guid(8b6abc4fbcae08c46b0de89e4e60ed9d) Importer(815301076,1909f56bfc062723c751e8b465ee728b)  -> (artifact id: '1a55f44d588473c5b8123d01ce178aa4') in 0.026917 seconds
  Import took 0.059087 seconds .

========================================================================
Received Import Request.
  Time since last request: 0.000289 seconds.
  path: Assets/Plugins/Demigiant/DOTween/Editor/Imgs/DOTweenMiniIcon.png
  artifactKey: Guid(61521df2e071645488ba3d05e49289ae) Importer(815301076,1909f56bfc062723c751e8b465ee728b)
Start importing Assets/Plugins/Demigiant/DOTween/Editor/Imgs/DOTweenMiniIcon.png using Guid(61521df2e071645488ba3d05e49289ae) Importer(815301076,1909f56bfc062723c751e8b465ee728b)  -> (artifact id: '7d46950540d6843892f6255cfc94b32e') in 0.046275 seconds
  Import took 0.053706 seconds .

========================================================================
Received Import Request.
  Time since last request: 0.000229 seconds.
  path: Assets/TextMesh Pro/Sprites/EmojiOne.png
  artifactKey: Guid(dffef66376be4fa480fb02b19edbe903) Importer(815301076,1909f56bfc062723c751e8b465ee728b)
Start importing Assets/TextMesh Pro/Sprites/EmojiOne.png using Guid(dffef66376be4fa480fb02b19edbe903) Importer(815301076,1909f56bfc062723c751e8b465ee728b)  -> (artifact id: '1bdbab79574d9199534a6046307e1746') in 0.096089 seconds
  Import took 0.101221 seconds .

========================================================================
Received Import Request.
  Time since last request: 0.000224 seconds.
  path: Assets/TextMesh Pro/Examples & Extras/Textures/Fruit Jelly (B&W).jpg
  artifactKey: Guid(1cdc5b506b1a4a33a53c30669ced1f51) Importer(815301076,1909f56bfc062723c751e8b465ee728b)
Start importing Assets/TextMesh Pro/Examples & Extras/Textures/Fruit Jelly (B&W).jpg using Guid(1cdc5b506b1a4a33a53c30669ced1f51) Importer(815301076,1909f56bfc062723c751e8b465ee728b)  -> (artifact id: '3e49e11c57de91c089ff4b4a28aeb9a7') in 0.126224 seconds
  Import took 0.131870 seconds .

========================================================================
Received Import Request.
  Time since last request: 0.000227 seconds.
  path: Assets/Lobby/ImageForView/7x7.png
  artifactKey: Guid(363f11efe175bac4ca9c781c0c7cd5b3) Importer(815301076,1909f56bfc062723c751e8b465ee728b)
Start importing Assets/Lobby/ImageForView/7x7.png using Guid(363f11efe175bac4ca9c781c0c7cd5b3) Importer(815301076,1909f56bfc062723c751e8b465ee728b)  -> (artifact id: '801a92a6a3bf8dce38726fac24f6e085') in 0.094603 seconds
  Import took 0.100192 seconds .

========================================================================
Received Import Request.
  Time since last request: 0.000223 seconds.
  path: Assets/TextMesh Pro/Examples & Extras/Textures/Floor Tiles 1 - diffuse.jpg
  artifactKey: Guid(85ac55597b97403c82fc6601a93cf241) Importer(815301076,1909f56bfc062723c751e8b465ee728b)
Start importing Assets/TextMesh Pro/Examples & Extras/Textures/Floor Tiles 1 - diffuse.jpg using Guid(85ac55597b97403c82fc6601a93cf241) Importer(815301076,1909f56bfc062723c751e8b465ee728b)  -> (artifact id: '390b22ea4f82bf4f49d68a82a092a3c6') in 0.139834 seconds
  Import took 0.144763 seconds .

========================================================================
Received Import Request.
  Time since last request: 0.000226 seconds.
  path: Assets/TextMesh Pro/Examples & Extras/Textures/Text Overflow - Linked Text UI Screenshot.png
  artifactKey: Guid(c76d18757a194d618355f05f815cb0a1) Importer(815301076,1909f56bfc062723c751e8b465ee728b)
Start importing Assets/TextMesh Pro/Examples & Extras/Textures/Text Overflow - Linked Text UI Screenshot.png using Guid(c76d18757a194d618355f05f815cb0a1) Importer(815301076,1909f56bfc062723c751e8b465ee728b)  -> (artifact id: 'ed7a90a589171bc334c5dc74854bfd25') in 0.102333 seconds
  Import took 0.110499 seconds .

========================================================================
Received Import Request.
  Time since last request: 0.000056 seconds.
  path: Assets/Lobby/ImageForView/8x8.png
  artifactKey: Guid(a53b73dc46ed4f3459ed6feda7e58a7b) Importer(815301076,1909f56bfc062723c751e8b465ee728b)
Start importing Assets/Lobby/ImageForView/8x8.png using Guid(a53b73dc46ed4f3459ed6feda7e58a7b) Importer(815301076,1909f56bfc062723c751e8b465ee728b)  -> (artifact id: '04540c407dc705950487dd6ab6e2d2b0') in 0.049129 seconds
  Import took 0.054060 seconds .

========================================================================
Received Import Request.
  Time since last request: 0.000218 seconds.
  path: Assets/TextMesh Pro/Examples & Extras/Textures/Floor Cement.jpg
  artifactKey: Guid(283f897e4925411ebbaa758b4cb13fc2) Importer(815301076,1909f56bfc062723c751e8b465ee728b)
Start importing Assets/TextMesh Pro/Examples & Extras/Textures/Floor Cement.jpg using Guid(283f897e4925411ebbaa758b4cb13fc2) Importer(815301076,1909f56bfc062723c751e8b465ee728b)  -> (artifact id: 'eb908fabdd903527bbf84b45471fa422') in 0.096066 seconds
  Import took 0.100962 seconds .

========================================================================
Received Import Request.
  Time since last request: 0.000229 seconds.
  path: Assets/TextMesh Pro/Examples & Extras/Textures/Wipe Pattern - Radial Double.psd
  artifactKey: Guid(7631f4eff8f74ed38eb3eb9db17134e1) Importer(815301076,1909f56bfc062723c751e8b465ee728b)
Start importing Assets/TextMesh Pro/Examples & Extras/Textures/Wipe Pattern - Radial Double.psd using Guid(7631f4eff8f74ed38eb3eb9db17134e1) Importer(815301076,1909f56bfc062723c751e8b465ee728b)  -> (artifact id: '247070546571a200b4aa298b693386b7') in 0.066391 seconds
  Import took 0.072314 seconds .

========================================================================
Received Import Request.
  Time since last request: 0.000088 seconds.
  path: Assets/Lobby/ImageForView/4x4.png
  artifactKey: Guid(dbe6d03d6ef76c04c8b5a702fee94090) Importer(815301076,1909f56bfc062723c751e8b465ee728b)
Start importing Assets/Lobby/ImageForView/4x4.png using Guid(dbe6d03d6ef76c04c8b5a702fee94090) Importer(815301076,1909f56bfc062723c751e8b465ee728b)  -> (artifact id: '68f18dd459064b870fccbc3ee5a837a6') in 0.057594 seconds
  Import took 0.064454 seconds .

========================================================================
Received Prepare
Registering precompiled user dll's ...
Registered in 0.004637 seconds.
Begin MonoManager ReloadAssembly
Native extension for WindowsStandalone target not found
Refreshing native plugins compatible for Editor in 0.69 ms, found 3 plugins.
Preloading 0 native plugins for Editor in 0.00 ms.
Mono: successfully reloaded assembly
- Completed reload, in  2.189 seconds
Platform modules already initialized, skipping
Switching build target platform(19) subTarget(0) extendedPlatform(0) -> platform(13) subTarget(537395200) extendedPlatform(0)
Refreshing native plugins compatible for Editor in 0.83 ms, found 3 plugins.
Preloading 0 native plugins for Editor in 0.00 ms.
Unloading 2132 Unused Serialized files (Serialized files now loaded: 0)
System memory in use before: 98.9 MB.
System memory in use after: 99.0 MB.

Unloading 23 unused Assets to reduce memory usage. Loaded Objects now: 2758.
Total: 4.302850 ms (FindLiveObjects: 0.544768 ms CreateObjectMapping: 0.193536 ms MarkObjects: 3.335852 ms  DeleteObjects: 0.226304 ms)

AssetImportParameters requested are different than current active one (requested -> active):
  custom:graphics/normal-map-encoding: 01000000000000000000000000000000 -> 02000000000000000000000000000000
========================================================================
Received Prepare
Registering precompiled user dll's ...
Registered in 0.004555 seconds.
Begin MonoManager ReloadAssembly
Native extension for WindowsStandalone target not found
Refreshing native plugins compatible for Editor in 1.33 ms, found 3 plugins.
Preloading 0 native plugins for Editor in 0.00 ms.
Mono: successfully reloaded assembly
- Completed reload, in  1.988 seconds
Platform modules already initialized, skipping
Switching build target platform(19) subTarget(0) extendedPlatform(0) -> platform(13) subTarget(537395200) extendedPlatform(0)
Refreshing native plugins compatible for Editor in 0.72 ms, found 3 plugins.
Preloading 0 native plugins for Editor in 0.00 ms.
Unloading 2132 Unused Serialized files (Serialized files now loaded: 0)
System memory in use before: 98.9 MB.
System memory in use after: 99.0 MB.

Unloading 23 unused Assets to reduce memory usage. Loaded Objects now: 2762.
Total: 3.984727 ms (FindLiveObjects: 0.366251 ms CreateObjectMapping: 0.153941 ms MarkObjects: 3.305474 ms  DeleteObjects: 0.157355 ms)

AssetImportParameters requested are different than current active one (requested -> active):
  custom:graphics/normal-map-encoding: 01000000000000000000000000000000 -> 02000000000000000000000000000000
========================================================================
Received Prepare
Registering precompiled user dll's ...
Registered in 0.005311 seconds.
Begin MonoManager ReloadAssembly
Native extension for WindowsStandalone target not found
Refreshing native plugins compatible for Editor in 0.90 ms, found 3 plugins.
Preloading 0 native plugins for Editor in 0.00 ms.
Mono: successfully reloaded assembly
- Completed reload, in  2.152 seconds
Platform modules already initialized, skipping
Switching build target platform(19) subTarget(0) extendedPlatform(0) -> platform(13) subTarget(537395200) extendedPlatform(0)
Refreshing native plugins compatible for Editor in 0.65 ms, found 3 plugins.
Preloading 0 native plugins for Editor in 0.00 ms.
Unloading 2132 Unused Serialized files (Serialized files now loaded: 0)
System memory in use before: 98.9 MB.
System memory in use after: 99.0 MB.

Unloading 23 unused Assets to reduce memory usage. Loaded Objects now: 2766.
Total: 5.841240 ms (FindLiveObjects: 0.340310 ms CreateObjectMapping: 0.166571 ms MarkObjects: 4.988589 ms  DeleteObjects: 0.342699 ms)

AssetImportParameters requested are different than current active one (requested -> active):
  custom:graphics/normal-map-encoding: 01000000000000000000000000000000 -> 02000000000000000000000000000000
========================================================================
Received Prepare
Registering precompiled user dll's ...
Registered in 0.004632 seconds.
Begin MonoManager ReloadAssembly
Native extension for WindowsStandalone target not found
Refreshing native plugins compatible for Editor in 0.69 ms, found 3 plugins.
Preloading 0 native plugins for Editor in 0.00 ms.
Mono: successfully reloaded assembly
- Completed reload, in  1.852 seconds
Platform modules already initialized, skipping
Switching build target platform(19) subTarget(0) extendedPlatform(0) -> platform(13) subTarget(537395200) extendedPlatform(0)
Refreshing native plugins compatible for Editor in 0.69 ms, found 3 plugins.
Preloading 0 native plugins for Editor in 0.00 ms.
Unloading 2132 Unused Serialized files (Serialized files now loaded: 0)
System memory in use before: 98.9 MB.
System memory in use after: 99.0 MB.

Unloading 23 unused Assets to reduce memory usage. Loaded Objects now: 2770.
Total: 3.787778 ms (FindLiveObjects: 0.380246 ms CreateObjectMapping: 0.162133 ms MarkObjects: 3.095212 ms  DeleteObjects: 0.148821 ms)

AssetImportParameters requested are different than current active one (requested -> active):
  custom:graphics/normal-map-encoding: 01000000000000000000000000000000 -> 02000000000000000000000000000000
========================================================================
Received Prepare
Registering precompiled user dll's ...
Registered in 0.004893 seconds.
Begin MonoManager ReloadAssembly
Native extension for WindowsStandalone target not found
Refreshing native plugins compatible for Editor in 1.10 ms, found 3 plugins.
Preloading 0 native plugins for Editor in 0.00 ms.
Mono: successfully reloaded assembly
- Completed reload, in  2.071 seconds
Platform modules already initialized, skipping
Switching build target platform(19) subTarget(0) extendedPlatform(0) -> platform(13) subTarget(589824) extendedPlatform(0)
Refreshing native plugins compatible for Editor in 1.02 ms, found 3 plugins.
Preloading 0 native plugins for Editor in 0.00 ms.
Unloading 2132 Unused Serialized files (Serialized files now loaded: 0)
System memory in use before: 98.9 MB.
System memory in use after: 99.0 MB.

Unloading 23 unused Assets to reduce memory usage. Loaded Objects now: 2774.
Total: 4.733954 ms (FindLiveObjects: 0.352598 ms CreateObjectMapping: 0.209237 ms MarkObjects: 3.759106 ms  DeleteObjects: 0.411307 ms)

AssetImportParameters requested are different than current active one (requested -> active):
  custom:graphics/normal-map-encoding: 01000000000000000000000000000000 -> 02000000000000000000000000000000
========================================================================
Received Prepare
Registering precompiled user dll's ...
Registered in 0.005384 seconds.
Begin MonoManager ReloadAssembly
Native extension for WindowsStandalone target not found
Refreshing native plugins compatible for Editor in 0.68 ms, found 3 plugins.
Preloading 0 native plugins for Editor in 0.00 ms.
Mono: successfully reloaded assembly
- Completed reload, in  1.940 seconds
Platform modules already initialized, skipping
Switching build target platform(19) subTarget(0) extendedPlatform(0) -> platform(13) subTarget(589824) extendedPlatform(0)
Refreshing native plugins compatible for Editor in 0.68 ms, found 3 plugins.
Preloading 0 native plugins for Editor in 0.00 ms.
Unloading 2132 Unused Serialized files (Serialized files now loaded: 0)
System memory in use before: 99.0 MB.
System memory in use after: 99.0 MB.

Unloading 23 unused Assets to reduce memory usage. Loaded Objects now: 2778.
Total: 46.893080 ms (FindLiveObjects: 0.363179 ms CreateObjectMapping: 0.124928 ms MarkObjects: 45.793986 ms  DeleteObjects: 0.608256 ms)

AssetImportParameters requested are different than current active one (requested -> active):
  custom:graphics/normal-map-encoding: 01000000000000000000000000000000 -> 02000000000000000000000000000000
========================================================================
Received Prepare
Refreshing native plugins compatible for Editor in 4.58 ms, found 3 plugins.
Preloading 0 native plugins for Editor in 0.00 ms.
Unloading 21 Unused Serialized files (Serialized files now loaded: 0)
System memory in use before: 57.3 MB.
System memory in use after: 57.4 MB.

Unloading 21 unused Assets to reduce memory usage. Loaded Objects now: 2778.
Total: 3.802797 ms (FindLiveObjects: 0.363520 ms CreateObjectMapping: 0.138581 ms MarkObjects: 3.143682 ms  DeleteObjects: 0.155307 ms)

========================================================================
Received Prepare
Registering precompiled user dll's ...
Registered in 0.364343 seconds.
Begin MonoManager ReloadAssembly
Native extension for WindowsStandalone target not found
Refreshing native plugins compatible for Editor in 0.92 ms, found 3 plugins.
Preloading 0 native plugins for Editor in 0.00 ms.
Mono: successfully reloaded assembly
- Completed reload, in 10.328 seconds
Platform modules already initialized, skipping
Switching build target platform(19) subTarget(0) extendedPlatform(0) -> platform(13) subTarget(589824) extendedPlatform(0)
Refreshing native plugins compatible for Editor in 0.72 ms, found 3 plugins.
Preloading 0 native plugins for Editor in 0.00 ms.
Unloading 2132 Unused Serialized files (Serialized files now loaded: 0)
System memory in use before: 99.0 MB.
System memory in use after: 99.1 MB.

Unloading 23 unused Assets to reduce memory usage. Loaded Objects now: 2782.
Total: 43.076971 ms (FindLiveObjects: 0.382976 ms CreateObjectMapping: 0.171349 ms MarkObjects: 42.264598 ms  DeleteObjects: 0.255317 ms)

AssetImportParameters requested are different than current active one (requested -> active):
  custom:graphics/normal-map-encoding: 01000000000000000000000000000000 -> 02000000000000000000000000000000
========================================================================
Received Prepare
Registering precompiled user dll's ...
Registered in 0.005337 seconds.
Begin MonoManager ReloadAssembly
Native extension for WindowsStandalone target not found
Refreshing native plugins compatible for Editor in 0.66 ms, found 3 plugins.
Preloading 0 native plugins for Editor in 0.00 ms.
Mono: successfully reloaded assembly
- Completed reload, in  1.984 seconds
Platform modules already initialized, skipping
Switching build target platform(19) subTarget(0) extendedPlatform(0) -> platform(13) subTarget(589824) extendedPlatform(0)
Refreshing native plugins compatible for Editor in 0.64 ms, found 3 plugins.
Preloading 0 native plugins for Editor in 0.00 ms.
Unloading 2132 Unused Serialized files (Serialized files now loaded: 0)
System memory in use before: 99.0 MB.
System memory in use after: 99.0 MB.

Unloading 23 unused Assets to reduce memory usage. Loaded Objects now: 2786.
Total: 4.202157 ms (FindLiveObjects: 0.474795 ms CreateObjectMapping: 0.211627 ms MarkObjects: 3.324588 ms  DeleteObjects: 0.189781 ms)

AssetImportParameters requested are different than current active one (requested -> active):
  custom:graphics/normal-map-encoding: 01000000000000000000000000000000 -> 02000000000000000000000000000000
========================================================================
Received Prepare
Registering precompiled user dll's ...
Registered in 0.165439 seconds.
Begin MonoManager ReloadAssembly
Native extension for WindowsStandalone target not found
Refreshing native plugins compatible for Editor in 0.82 ms, found 3 plugins.
Preloading 0 native plugins for Editor in 0.00 ms.
Mono: successfully reloaded assembly
- Completed reload, in  1.936 seconds
Platform modules already initialized, skipping
Switching build target platform(19) subTarget(0) extendedPlatform(0) -> platform(13) subTarget(589824) extendedPlatform(0)
Refreshing native plugins compatible for Editor in 1.09 ms, found 3 plugins.
Preloading 0 native plugins for Editor in 0.00 ms.
Unloading 2132 Unused Serialized files (Serialized files now loaded: 0)
System memory in use before: 99.0 MB.
System memory in use after: 99.1 MB.

Unloading 23 unused Assets to reduce memory usage. Loaded Objects now: 2790.
Total: 6.232750 ms (FindLiveObjects: 0.355670 ms CreateObjectMapping: 0.152576 ms MarkObjects: 5.562371 ms  DeleteObjects: 0.159744 ms)

AssetImportParameters requested are different than current active one (requested -> active):
  custom:graphics/normal-map-encoding: 01000000000000000000000000000000 -> 02000000000000000000000000000000
========================================================================
Received Prepare
Registering precompiled user dll's ...
Registered in 0.005041 seconds.
Begin MonoManager ReloadAssembly
Native extension for WindowsStandalone target not found
Refreshing native plugins compatible for Editor in 0.72 ms, found 3 plugins.
Preloading 0 native plugins for Editor in 0.00 ms.
Mono: successfully reloaded assembly
- Completed reload, in  1.997 seconds
Platform modules already initialized, skipping
Switching build target platform(19) subTarget(0) extendedPlatform(0) -> platform(13) subTarget(589824) extendedPlatform(0)
Refreshing native plugins compatible for Editor in 0.64 ms, found 3 plugins.
Preloading 0 native plugins for Editor in 0.00 ms.
Unloading 2132 Unused Serialized files (Serialized files now loaded: 0)
System memory in use before: 99.0 MB.
System memory in use after: 99.1 MB.

Unloading 23 unused Assets to reduce memory usage. Loaded Objects now: 2794.
Total: 3.901442 ms (FindLiveObjects: 0.338603 ms CreateObjectMapping: 0.134485 ms MarkObjects: 3.270658 ms  DeleteObjects: 0.155307 ms)

AssetImportParameters requested are different than current active one (requested -> active):
  custom:graphics/normal-map-encoding: 01000000000000000000000000000000 -> 02000000000000000000000000000000
========================================================================
Received Prepare
Refreshing native plugins compatible for Editor in 5.27 ms, found 3 plugins.
Preloading 0 native plugins for Editor in 0.00 ms.
Unloading 21 Unused Serialized files (Serialized files now loaded: 0)
System memory in use before: 57.3 MB.
System memory in use after: 57.4 MB.

Unloading 21 unused Assets to reduce memory usage. Loaded Objects now: 2794.
Total: 4.552024 ms (FindLiveObjects: 0.394923 ms CreateObjectMapping: 0.144725 ms MarkObjects: 3.855703 ms  DeleteObjects: 0.154965 ms)

========================================================================
Received Prepare
Refreshing native plugins compatible for Editor in 4.46 ms, found 3 plugins.
Preloading 0 native plugins for Editor in 0.00 ms.
Unloading 21 Unused Serialized files (Serialized files now loaded: 0)
System memory in use before: 57.3 MB.
System memory in use after: 57.4 MB.

Unloading 21 unused Assets to reduce memory usage. Loaded Objects now: 2794.
Total: 4.778669 ms (FindLiveObjects: 0.442027 ms CreateObjectMapping: 0.303787 ms MarkObjects: 3.869357 ms  DeleteObjects: 0.161109 ms)

========================================================================
Received Import Request.
  Time since last request: 4831.147301 seconds.
  path: Assets/Scenes/Lobby.unity
  artifactKey: Guid(d5912783440ffcc4ebbfb9f3dce96054) Importer(815301076,1909f56bfc062723c751e8b465ee728b)
Start importing Assets/Scenes/Lobby.unity using Guid(d5912783440ffcc4ebbfb9f3dce96054) Importer(815301076,1909f56bfc062723c751e8b465ee728b)  -> (artifact id: 'efdcbaa2e8fed85c4c4bfd3ff6abe698') in 1.396776 seconds
  Import took 1.613186 seconds .

========================================================================
Received Prepare
Registering precompiled user dll's ...
Registered in 0.161498 seconds.
Begin MonoManager ReloadAssembly
Native extension for WindowsStandalone target not found
Refreshing native plugins compatible for Editor in 0.76 ms, found 3 plugins.
Preloading 0 native plugins for Editor in 0.00 ms.
Mono: successfully reloaded assembly
- Completed reload, in  2.605 seconds
Platform modules already initialized, skipping
Switching build target platform(19) subTarget(0) extendedPlatform(0) -> platform(13) subTarget(589824) extendedPlatform(0)
Refreshing native plugins compatible for Editor in 0.77 ms, found 3 plugins.
Preloading 0 native plugins for Editor in 0.00 ms.
Unloading 2132 Unused Serialized files (Serialized files now loaded: 0)
System memory in use before: 99.0 MB.
System memory in use after: 99.1 MB.

Unloading 23 unused Assets to reduce memory usage. Loaded Objects now: 2798.
Total: 4.417538 ms (FindLiveObjects: 0.353622 ms CreateObjectMapping: 0.145067 ms MarkObjects: 3.717122 ms  DeleteObjects: 0.198656 ms)

AssetImportParameters requested are different than current active one (requested -> active):
  custom:graphics/normal-map-encoding: 01000000000000000000000000000000 -> 02000000000000000000000000000000
========================================================================
Received Prepare
Registering precompiled user dll's ...
Registered in 0.004648 seconds.
Begin MonoManager ReloadAssembly
Native extension for WindowsStandalone target not found
Refreshing native plugins compatible for Editor in 1.79 ms, found 3 plugins.
Preloading 0 native plugins for Editor in 0.00 ms.
Mono: successfully reloaded assembly
- Completed reload, in  5.609 seconds
Platform modules already initialized, skipping
Switching build target platform(19) subTarget(0) extendedPlatform(0) -> platform(13) subTarget(589824) extendedPlatform(0)
Refreshing native plugins compatible for Editor in 0.88 ms, found 3 plugins.
Preloading 0 native plugins for Editor in 0.00 ms.
Unloading 2132 Unused Serialized files (Serialized files now loaded: 0)
System memory in use before: 99.0 MB.
System memory in use after: 99.1 MB.

Unloading 23 unused Assets to reduce memory usage. Loaded Objects now: 2802.
Total: 4.586157 ms (FindLiveObjects: 0.449195 ms CreateObjectMapping: 0.189099 ms MarkObjects: 3.778221 ms  DeleteObjects: 0.167595 ms)

AssetImportParameters requested are different than current active one (requested -> active):
  custom:graphics/normal-map-encoding: 01000000000000000000000000000000 -> 02000000000000000000000000000000
========================================================================
Received Prepare
Refreshing native plugins compatible for Editor in 4.28 ms, found 3 plugins.
Preloading 0 native plugins for Editor in 0.00 ms.
Unloading 21 Unused Serialized files (Serialized files now loaded: 0)
System memory in use before: 57.4 MB.
System memory in use after: 57.4 MB.

Unloading 21 unused Assets to reduce memory usage. Loaded Objects now: 2802.
Total: 4.570797 ms (FindLiveObjects: 0.364203 ms CreateObjectMapping: 0.130731 ms MarkObjects: 3.909975 ms  DeleteObjects: 0.164523 ms)

